{
"/Users/westchase/Documents/personal/gifshot/tests/gifshot.js":{"path":"/Users/westchase/Documents/personal/gifshot/tests/gifshot.js","s":{"1":1,"2":1,"3":1,"4":1,"5":1,"6":1,"7":1,"8":0,"9":0,"10":0,"11":0,"12":0,"13":0,"14":0,"15":0,"16":0,"17":0,"18":0,"19":0,"20":0,"21":0,"22":0,"23":1,"24":86,"25":9,"26":33,"27":17,"28":3,"29":9,"30":1,"31":1,"32":1,"33":1,"34":2,"35":2,"36":1,"37":1,"38":0,"39":0,"40":0,"41":0,"42":0,"43":1,"44":25,"45":25,"46":12,"47":12,"48":12,"49":17,"50":11,"51":13,"52":13,"53":129,"54":129,"55":0,"56":6,"57":0,"58":6,"59":6,"60":99,"61":6,"62":28,"63":28,"64":27,"65":1,"66":0,"67":1,"68":6,"69":1,"70":1,"71":0,"72":0,"73":0,"74":0,"75":0,"76":1,"77":1,"78":0,"79":0,"80":1,"81":1,"82":0,"83":0,"84":0,"85":0,"86":1,"87":1,"88":1,"89":0,"90":0,"91":0,"92":0,"93":0,"94":0,"95":0,"96":0,"97":0,"98":0,"99":0,"100":0,"101":1,"102":1,"103":1,"104":11,"105":11,"106":11,"107":15,"108":15,"109":11,"110":11,"111":11,"112":11,"113":11,"114":8,"115":8,"116":1,"117":1,"118":1,"119":1,"120":1,"121":3,"122":1,"123":1,"124":1,"125":1,"126":1,"127":1,"128":0,"129":0,"130":0,"131":0,"132":0,"133":1,"134":0,"135":0,"136":1,"137":1,"138":0,"139":0,"140":0,"141":1,"142":2,"143":2,"144":2,"145":0,"146":0,"147":0,"148":0,"149":0,"150":0,"151":0,"152":1,"153":2,"154":2,"155":2,"156":0,"157":2,"158":2,"159":0,"160":2,"161":0,"162":2,"163":1,"164":1,"165":1,"166":1,"167":0,"168":1,"169":1,"170":1,"171":1,"172":1,"173":1,"174":1,"175":0,"176":0,"177":1,"178":1,"179":0},"b":{"1":[1,1,1,1],"2":[1,1,1,1],"3":[0,1],"4":[1,1,1,1,1],"5":[1,1],"6":[0,0],"7":[0,0],"8":[1,0],"9":[86,70],"10":[9,3],"11":[33,32],"12":[17,15],"13":[3,1],"14":[9,8],"15":[1,0,0],"16":[0,1],"17":[1,0],"18":[0,0],"19":[12,13],"20":[11,6],"21":[13,0],"22":[129,0],"23":[0,129],"24":[0,6],"25":[6,6,6],"26":[27,1],"27":[0,1],"28":[1,0],"29":[0,0],"30":[0,0],"31":[0,0],"32":[1,0],"33":[0,0],"34":[1,0],"35":[1,0],"36":[0,0],"37":[3,8],"38":[11,4],"39":[15,11],"40":[0,8],"41":[0,1],"42":[1,0],"43":[0,0],"44":[0,0],"45":[0,1],"46":[1,0],"47":[0,0],"48":[0,0],"49":[0,0],"50":[2,0],"51":[0,0],"52":[0,0],"53":[0,2],"54":[2,0],"55":[0,2],"56":[2,0],"57":[2,0],"58":[0,2],"59":[0,2],"60":[0,1],"61":[1,0],"62":[0,1],"63":[0,1],"64":[1,0],"65":[1,0],"66":[1,0],"67":[0,1],"68":[1,1]},"f":{"1":1,"2":1,"3":1,"4":1,"5":0,"6":0,"7":86,"8":9,"9":33,"10":17,"11":3,"12":9,"13":1,"14":1,"15":1,"16":2,"17":2,"18":1,"19":0,"20":25,"21":6,"22":99,"23":28,"24":1,"25":0,"26":1,"27":1,"28":1,"29":1,"30":1,"31":11,"32":15,"33":8,"34":1,"35":1,"36":1,"37":3,"38":1,"39":1,"40":0,"41":0,"42":2,"43":0,"44":0,"45":2,"46":1,"47":1,"48":1,"49":0,"50":2},"fnMap":{"1":{"name":"(anonymous_1)","line":1,"loc":{"start":{"line":1,"column":2},"end":{"line":1,"column":51}}},"2":{"name":"(anonymous_2)","line":3,"loc":{"start":{"line":3,"column":8},"end":{"line":3,"column":20}}},"3":{"name":"(anonymous_3)","line":6,"loc":{"start":{"line":6,"column":20},"end":{"line":6,"column":32}}},"4":{"name":"(anonymous_4)","line":11,"loc":{"start":{"line":11,"column":12},"end":{"line":11,"column":24}}},"5":{"name":"(anonymous_5)","line":12,"loc":{"start":{"line":12,"column":32},"end":{"line":12,"column":49}}},"6":{"name":"(anonymous_6)","line":30,"loc":{"start":{"line":30,"column":40},"end":{"line":30,"column":52}}},"7":{"name":"(anonymous_7)","line":33,"loc":{"start":{"line":33,"column":16},"end":{"line":33,"column":31}}},"8":{"name":"(anonymous_8)","line":36,"loc":{"start":{"line":36,"column":21},"end":{"line":36,"column":36}}},"9":{"name":"(anonymous_9)","line":39,"loc":{"start":{"line":39,"column":15},"end":{"line":39,"column":30}}},"10":{"name":"(anonymous_10)","line":42,"loc":{"start":{"line":42,"column":18},"end":{"line":42,"column":34}}},"11":{"name":"(anonymous_11)","line":45,"loc":{"start":{"line":45,"column":17},"end":{"line":45,"column":33}}},"12":{"name":"(anonymous_12)","line":48,"loc":{"start":{"line":48,"column":16},"end":{"line":48,"column":33}}},"13":{"name":"(anonymous_13)","line":52,"loc":{"start":{"line":52,"column":16},"end":{"line":52,"column":28}}},"14":{"name":"(anonymous_14)","line":56,"loc":{"start":{"line":56,"column":20},"end":{"line":56,"column":32}}},"15":{"name":"(anonymous_15)","line":59,"loc":{"start":{"line":59,"column":14},"end":{"line":59,"column":26}}},"16":{"name":"(anonymous_16)","line":62,"loc":{"start":{"line":62,"column":20},"end":{"line":62,"column":32}}},"17":{"name":"(anonymous_17)","line":65,"loc":{"start":{"line":65,"column":21},"end":{"line":65,"column":33}}},"18":{"name":"(anonymous_18)","line":68,"loc":{"start":{"line":68,"column":21},"end":{"line":68,"column":33}}},"19":{"name":"(anonymous_19)","line":86,"loc":{"start":{"line":86,"column":12},"end":{"line":86,"column":24}}},"20":{"name":"(anonymous_20)","line":88,"loc":{"start":{"line":88,"column":12},"end":{"line":88,"column":44}}},"21":{"name":"deepMerge","line":108,"loc":{"start":{"line":108,"column":20},"end":{"line":108,"column":68}}},"22":{"name":"(anonymous_22)","line":113,"loc":{"start":{"line":113,"column":33},"end":{"line":113,"column":53}}},"23":{"name":"(anonymous_23)","line":116,"loc":{"start":{"line":116,"column":30},"end":{"line":116,"column":50}}},"24":{"name":"(anonymous_24)","line":130,"loc":{"start":{"line":130,"column":18},"end":{"line":130,"column":45}}},"25":{"name":"(anonymous_25)","line":137,"loc":{"start":{"line":137,"column":25},"end":{"line":137,"column":45}}},"26":{"name":"(anonymous_26)","line":142,"loc":{"start":{"line":142,"column":21},"end":{"line":142,"column":37}}},"27":{"name":"(anonymous_27)","line":150,"loc":{"start":{"line":150,"column":23},"end":{"line":150,"column":42}}},"28":{"name":"(anonymous_28)","line":164,"loc":{"start":{"line":164,"column":20},"end":{"line":164,"column":35}}},"29":{"name":"(anonymous_29)","line":167,"loc":{"start":{"line":167,"column":19},"end":{"line":167,"column":77}}},"30":{"name":"(anonymous_30)","line":189,"loc":{"start":{"line":189,"column":8},"end":{"line":189,"column":20}}},"31":{"name":"(anonymous_31)","line":191,"loc":{"start":{"line":191,"column":16},"end":{"line":191,"column":35}}},"32":{"name":"(anonymous_32)","line":194,"loc":{"start":{"line":194,"column":35},"end":{"line":194,"column":71}}},"33":{"name":"(anonymous_33)","line":205,"loc":{"start":{"line":205,"column":15},"end":{"line":205,"column":34}}},"34":{"name":"(anonymous_34)","line":276,"loc":{"start":{"line":276,"column":22},"end":{"line":276,"column":49}}},"35":{"name":"(anonymous_35)","line":278,"loc":{"start":{"line":278,"column":22},"end":{"line":278,"column":34}}},"36":{"name":"(anonymous_36)","line":283,"loc":{"start":{"line":283,"column":14},"end":{"line":283,"column":26}}},"37":{"name":"(anonymous_37)","line":286,"loc":{"start":{"line":286,"column":23},"end":{"line":286,"column":35}}},"38":{"name":"(anonymous_38)","line":289,"loc":{"start":{"line":289,"column":31},"end":{"line":289,"column":43}}},"39":{"name":"(anonymous_39)","line":293,"loc":{"start":{"line":293,"column":30},"end":{"line":293,"column":48}}},"40":{"name":"(anonymous_40)","line":296,"loc":{"start":{"line":296,"column":23},"end":{"line":296,"column":55}}},"41":{"name":"(anonymous_41)","line":311,"loc":{"start":{"line":311,"column":21},"end":{"line":311,"column":36}}},"42":{"name":"(anonymous_42)","line":321,"loc":{"start":{"line":321,"column":17},"end":{"line":321,"column":32}}},"43":{"name":"(anonymous_43)","line":327,"loc":{"start":{"line":327,"column":37},"end":{"line":327,"column":52}}},"44":{"name":"(anonymous_44)","line":332,"loc":{"start":{"line":332,"column":34},"end":{"line":332,"column":49}}},"45":{"name":"(anonymous_45)","line":341,"loc":{"start":{"line":341,"column":12},"end":{"line":341,"column":45}}},"46":{"name":"(anonymous_46)","line":370,"loc":{"start":{"line":370,"column":15},"end":{"line":370,"column":48}}},"47":{"name":"(anonymous_47)","line":382,"loc":{"start":{"line":382,"column":6},"end":{"line":382,"column":18}}},"48":{"name":"(anonymous_48)","line":397,"loc":{"start":{"line":397,"column":1},"end":{"line":397,"column":13}}},"49":{"name":"(anonymous_49)","line":399,"loc":{"start":{"line":399,"column":15},"end":{"line":399,"column":27}}},"50":{"name":"(anonymous_50)","line":408,"loc":{"start":{"line":408,"column":76},"end":{"line":408,"column":87}}}},"statementMap":{"1":{"start":{"line":1,"column":1},"end":{"line":408,"column":116}},"2":{"start":{"line":2,"column":0},"end":{"line":2,"column":343}},"3":{"start":{"line":3,"column":0},"end":{"line":188,"column":4}},"4":{"start":{"line":4,"column":2},"end":{"line":186,"column":4}},"5":{"start":{"line":7,"column":6},"end":{"line":7,"column":137}},"6":{"start":{"line":8,"column":6},"end":{"line":8,"column":72}},"7":{"start":{"line":12,"column":6},"end":{"line":29,"column":8}},"8":{"start":{"line":13,"column":8},"end":{"line":13,"column":166}},"9":{"start":{"line":14,"column":8},"end":{"line":27,"column":9}},"10":{"start":{"line":15,"column":10},"end":{"line":15,"column":39}},"11":{"start":{"line":16,"column":10},"end":{"line":16,"column":39}},"12":{"start":{"line":17,"column":10},"end":{"line":17,"column":39}},"13":{"start":{"line":18,"column":10},"end":{"line":18,"column":27}},"14":{"start":{"line":19,"column":10},"end":{"line":19,"column":45}},"15":{"start":{"line":20,"column":10},"end":{"line":20,"column":46}},"16":{"start":{"line":21,"column":10},"end":{"line":21,"column":27}},"17":{"start":{"line":22,"column":10},"end":{"line":25,"column":22}},"18":{"start":{"line":23,"column":12},"end":{"line":23,"column":29}},"19":{"start":{"line":24,"column":15},"end":{"line":25,"column":22}},"20":{"start":{"line":25,"column":12},"end":{"line":25,"column":22}},"21":{"start":{"line":26,"column":10},"end":{"line":26,"column":102}},"22":{"start":{"line":28,"column":8},"end":{"line":28,"column":22}},"23":{"start":{"line":30,"column":6},"end":{"line":31,"column":8}},"24":{"start":{"line":34,"column":6},"end":{"line":34,"column":78}},"25":{"start":{"line":37,"column":6},"end":{"line":37,"column":61}},"26":{"start":{"line":40,"column":6},"end":{"line":40,"column":39}},"27":{"start":{"line":43,"column":6},"end":{"line":43,"column":48}},"28":{"start":{"line":46,"column":6},"end":{"line":46,"column":41}},"29":{"start":{"line":49,"column":6},"end":{"line":49,"column":102}},"30":{"start":{"line":53,"column":8},"end":{"line":53,"column":50}},"31":{"start":{"line":54,"column":8},"end":{"line":54,"column":58}},"32":{"start":{"line":57,"column":8},"end":{"line":57,"column":29}},"33":{"start":{"line":60,"column":8},"end":{"line":60,"column":26}},"34":{"start":{"line":63,"column":8},"end":{"line":63,"column":33}},"35":{"start":{"line":66,"column":8},"end":{"line":66,"column":34}},"36":{"start":{"line":69,"column":8},"end":{"line":75,"column":12}},"37":{"start":{"line":76,"column":8},"end":{"line":82,"column":9}},"38":{"start":{"line":77,"column":10},"end":{"line":77,"column":86}},"39":{"start":{"line":78,"column":10},"end":{"line":78,"column":159}},"40":{"start":{"line":79,"column":10},"end":{"line":79,"column":83}},"41":{"start":{"line":80,"column":10},"end":{"line":80,"column":83}},"42":{"start":{"line":81,"column":10},"end":{"line":81,"column":90}},"43":{"start":{"line":83,"column":8},"end":{"line":83,"column":26}},"44":{"start":{"line":89,"column":6},"end":{"line":89,"column":17}},"45":{"start":{"line":90,"column":6},"end":{"line":106,"column":7}},"46":{"start":{"line":91,"column":8},"end":{"line":91,"column":15}},"47":{"start":{"line":92,"column":8},"end":{"line":92,"column":32}},"48":{"start":{"line":93,"column":8},"end":{"line":97,"column":9}},"49":{"start":{"line":94,"column":10},"end":{"line":96,"column":11}},"50":{"start":{"line":95,"column":12},"end":{"line":95,"column":18}},"51":{"start":{"line":98,"column":13},"end":{"line":106,"column":7}},"52":{"start":{"line":99,"column":8},"end":{"line":105,"column":9}},"53":{"start":{"line":100,"column":10},"end":{"line":104,"column":11}},"54":{"start":{"line":101,"column":12},"end":{"line":103,"column":13}},"55":{"start":{"line":102,"column":14},"end":{"line":102,"column":20}},"56":{"start":{"line":109,"column":6},"end":{"line":111,"column":7}},"57":{"start":{"line":110,"column":8},"end":{"line":110,"column":15}},"58":{"start":{"line":112,"column":6},"end":{"line":112,"column":22}},"59":{"start":{"line":113,"column":6},"end":{"line":115,"column":9}},"60":{"start":{"line":114,"column":8},"end":{"line":114,"column":42}},"61":{"start":{"line":116,"column":6},"end":{"line":127,"column":9}},"62":{"start":{"line":117,"column":8},"end":{"line":117,"column":49}},"63":{"start":{"line":118,"column":8},"end":{"line":126,"column":9}},"64":{"start":{"line":119,"column":10},"end":{"line":119,"column":42}},"65":{"start":{"line":121,"column":10},"end":{"line":125,"column":11}},"66":{"start":{"line":122,"column":12},"end":{"line":122,"column":44}},"67":{"start":{"line":124,"column":12},"end":{"line":124,"column":76}},"68":{"start":{"line":128,"column":6},"end":{"line":128,"column":20}},"69":{"start":{"line":131,"column":6},"end":{"line":133,"column":7}},"70":{"start":{"line":132,"column":8},"end":{"line":132,"column":15}},"71":{"start":{"line":134,"column":6},"end":{"line":140,"column":7}},"72":{"start":{"line":135,"column":8},"end":{"line":135,"column":31}},"73":{"start":{"line":136,"column":13},"end":{"line":140,"column":7}},"74":{"start":{"line":137,"column":8},"end":{"line":139,"column":11}},"75":{"start":{"line":138,"column":10},"end":{"line":138,"column":32}},"76":{"start":{"line":143,"column":6},"end":{"line":145,"column":7}},"77":{"start":{"line":144,"column":8},"end":{"line":144,"column":15}},"78":{"start":{"line":146,"column":6},"end":{"line":148,"column":7}},"79":{"start":{"line":147,"column":8},"end":{"line":147,"column":42}},"80":{"start":{"line":151,"column":6},"end":{"line":153,"column":7}},"81":{"start":{"line":152,"column":8},"end":{"line":152,"column":18}},"82":{"start":{"line":154,"column":6},"end":{"line":162,"column":7}},"83":{"start":{"line":155,"column":8},"end":{"line":155,"column":153}},"84":{"start":{"line":156,"column":8},"end":{"line":159,"column":10}},"85":{"start":{"line":161,"column":8},"end":{"line":161,"column":22}},"86":{"start":{"line":165,"column":6},"end":{"line":165,"column":62}},"87":{"start":{"line":168,"column":6},"end":{"line":170,"column":7}},"88":{"start":{"line":169,"column":8},"end":{"line":169,"column":15}},"89":{"start":{"line":171,"column":6},"end":{"line":171,"column":109}},"90":{"start":{"line":172,"column":6},"end":{"line":172,"column":48}},"91":{"start":{"line":173,"column":6},"end":{"line":173,"column":28}},"92":{"start":{"line":174,"column":6},"end":{"line":174,"column":28}},"93":{"start":{"line":175,"column":6},"end":{"line":175,"column":47}},"94":{"start":{"line":176,"column":6},"end":{"line":176,"column":40}},"95":{"start":{"line":177,"column":6},"end":{"line":177,"column":39}},"96":{"start":{"line":178,"column":6},"end":{"line":178,"column":38}},"97":{"start":{"line":179,"column":6},"end":{"line":181,"column":7}},"98":{"start":{"line":180,"column":8},"end":{"line":180,"column":48}},"99":{"start":{"line":182,"column":6},"end":{"line":182,"column":38}},"100":{"start":{"line":183,"column":6},"end":{"line":183,"column":29}},"101":{"start":{"line":187,"column":2},"end":{"line":187,"column":15}},"102":{"start":{"line":189,"column":0},"end":{"line":254,"column":4}},"103":{"start":{"line":190,"column":2},"end":{"line":252,"column":4}},"104":{"start":{"line":192,"column":6},"end":{"line":192,"column":55}},"105":{"start":{"line":193,"column":6},"end":{"line":193,"column":24}},"106":{"start":{"line":194,"column":6},"end":{"line":201,"column":9}},"107":{"start":{"line":195,"column":8},"end":{"line":195,"column":51}},"108":{"start":{"line":196,"column":8},"end":{"line":200,"column":9}},"109":{"start":{"line":197,"column":10},"end":{"line":197,"column":38}},"110":{"start":{"line":198,"column":10},"end":{"line":198,"column":32}},"111":{"start":{"line":199,"column":10},"end":{"line":199,"column":23}},"112":{"start":{"line":202,"column":6},"end":{"line":202,"column":32}},"113":{"start":{"line":203,"column":6},"end":{"line":203,"column":22}},"114":{"start":{"line":206,"column":6},"end":{"line":206,"column":95}},"115":{"start":{"line":207,"column":6},"end":{"line":207,"column":21}},"116":{"start":{"line":253,"column":2},"end":{"line":253,"column":15}},"117":{"start":{"line":255,"column":0},"end":{"line":282,"column":2}},"118":{"start":{"line":283,"column":0},"end":{"line":285,"column":2}},"119":{"start":{"line":284,"column":2},"end":{"line":284,"column":25}},"120":{"start":{"line":286,"column":0},"end":{"line":288,"column":2}},"121":{"start":{"line":287,"column":2},"end":{"line":287,"column":25}},"122":{"start":{"line":289,"column":0},"end":{"line":292,"column":2}},"123":{"start":{"line":290,"column":2},"end":{"line":290,"column":41}},"124":{"start":{"line":291,"column":2},"end":{"line":291,"column":32}},"125":{"start":{"line":293,"column":0},"end":{"line":310,"column":2}},"126":{"start":{"line":294,"column":2},"end":{"line":294,"column":49}},"127":{"start":{"line":295,"column":2},"end":{"line":308,"column":3}},"128":{"start":{"line":296,"column":4},"end":{"line":300,"column":7}},"129":{"start":{"line":297,"column":6},"end":{"line":299,"column":7}},"130":{"start":{"line":298,"column":8},"end":{"line":298,"column":29}},"131":{"start":{"line":301,"column":4},"end":{"line":303,"column":5}},"132":{"start":{"line":302,"column":6},"end":{"line":302,"column":19}},"133":{"start":{"line":304,"column":9},"end":{"line":308,"column":3}},"134":{"start":{"line":305,"column":4},"end":{"line":307,"column":5}},"135":{"start":{"line":306,"column":6},"end":{"line":306,"column":19}},"136":{"start":{"line":309,"column":2},"end":{"line":309,"column":49}},"137":{"start":{"line":311,"column":0},"end":{"line":320,"column":2}},"138":{"start":{"line":312,"column":2},"end":{"line":312,"column":39}},"139":{"start":{"line":313,"column":2},"end":{"line":313,"column":174}},"140":{"start":{"line":314,"column":2},"end":{"line":319,"column":5}},"141":{"start":{"line":321,"column":0},"end":{"line":340,"column":2}},"142":{"start":{"line":322,"column":2},"end":{"line":322,"column":139}},"143":{"start":{"line":323,"column":2},"end":{"line":325,"column":3}},"144":{"start":{"line":324,"column":4},"end":{"line":324,"column":38}},"145":{"start":{"line":326,"column":2},"end":{"line":331,"column":3}},"146":{"start":{"line":327,"column":4},"end":{"line":329,"column":7}},"147":{"start":{"line":328,"column":6},"end":{"line":328,"column":20}},"148":{"start":{"line":330,"column":4},"end":{"line":330,"column":11}},"149":{"start":{"line":332,"column":2},"end":{"line":339,"column":5}},"150":{"start":{"line":333,"column":4},"end":{"line":333,"column":32}},"151":{"start":{"line":334,"column":4},"end":{"line":334,"column":35}},"152":{"start":{"line":341,"column":0},"end":{"line":369,"column":2}},"153":{"start":{"line":342,"column":2},"end":{"line":342,"column":68}},"154":{"start":{"line":343,"column":2},"end":{"line":343,"column":63}},"155":{"start":{"line":344,"column":2},"end":{"line":346,"column":3}},"156":{"start":{"line":345,"column":4},"end":{"line":345,"column":11}},"157":{"start":{"line":347,"column":2},"end":{"line":347,"column":255}},"158":{"start":{"line":348,"column":2},"end":{"line":368,"column":3}},"159":{"start":{"line":349,"column":4},"end":{"line":354,"column":7}},"160":{"start":{"line":355,"column":9},"end":{"line":368,"column":3}},"161":{"start":{"line":356,"column":4},"end":{"line":360,"column":7}},"162":{"start":{"line":362,"column":4},"end":{"line":367,"column":7}},"163":{"start":{"line":370,"column":0},"end":{"line":381,"column":2}},"164":{"start":{"line":371,"column":2},"end":{"line":371,"column":68}},"165":{"start":{"line":372,"column":2},"end":{"line":372,"column":63}},"166":{"start":{"line":373,"column":2},"end":{"line":375,"column":3}},"167":{"start":{"line":374,"column":4},"end":{"line":374,"column":11}},"168":{"start":{"line":376,"column":2},"end":{"line":379,"column":7}},"169":{"start":{"line":380,"column":2},"end":{"line":380,"column":31}},"170":{"start":{"line":382,"column":0},"end":{"line":396,"column":4}},"171":{"start":{"line":383,"column":2},"end":{"line":394,"column":4}},"172":{"start":{"line":395,"column":2},"end":{"line":395,"column":17}},"173":{"start":{"line":397,"column":0},"end":{"line":407,"column":5}},"174":{"start":{"line":398,"column":2},"end":{"line":406,"column":3}},"175":{"start":{"line":399,"column":4},"end":{"line":401,"column":7}},"176":{"start":{"line":400,"column":6},"end":{"line":400,"column":17}},"177":{"start":{"line":402,"column":9},"end":{"line":406,"column":3}},"178":{"start":{"line":403,"column":4},"end":{"line":403,"column":25}},"179":{"start":{"line":405,"column":4},"end":{"line":405,"column":25}}},"branchMap":{"1":{"line":5,"type":"binary-expr","locations":[{"start":{"line":5,"column":11},"end":{"line":5,"column":21}},{"start":{"line":5,"column":25},"end":{"line":5,"column":41}},{"start":{"line":5,"column":45},"end":{"line":5,"column":58}},{"start":{"line":5,"column":62},"end":{"line":5,"column":74}}]},"2":{"line":7,"type":"binary-expr","locations":[{"start":{"line":7,"column":25},"end":{"line":7,"column":47}},{"start":{"line":7,"column":51},"end":{"line":7,"column":79}},{"start":{"line":7,"column":83},"end":{"line":7,"column":108}},{"start":{"line":7,"column":112},"end":{"line":7,"column":136}}]},"3":{"line":8,"type":"cond-expr","locations":[{"start":{"line":8,"column":28},"end":{"line":8,"column":56}},{"start":{"line":8,"column":59},"end":{"line":8,"column":71}}]},"4":{"line":10,"type":"binary-expr","locations":[{"start":{"line":10,"column":12},"end":{"line":10,"column":23}},{"start":{"line":10,"column":27},"end":{"line":10,"column":45}},{"start":{"line":10,"column":49},"end":{"line":10,"column":73}},{"start":{"line":10,"column":77},"end":{"line":10,"column":98}},{"start":{"line":10,"column":102},"end":{"line":10,"column":122}}]},"5":{"line":12,"type":"binary-expr","locations":[{"start":{"line":12,"column":17},"end":{"line":12,"column":28}},{"start":{"line":12,"column":32},"end":{"line":29,"column":7}}]},"6":{"line":22,"type":"if","locations":[{"start":{"line":22,"column":10},"end":{"line":22,"column":10}},{"start":{"line":22,"column":10},"end":{"line":22,"column":10}}]},"7":{"line":24,"type":"if","locations":[{"start":{"line":24,"column":15},"end":{"line":24,"column":15}},{"start":{"line":24,"column":15},"end":{"line":24,"column":15}}]},"8":{"line":30,"type":"cond-expr","locations":[{"start":{"line":30,"column":20},"end":{"line":30,"column":37}},{"start":{"line":30,"column":40},"end":{"line":31,"column":7}}]},"9":{"line":34,"type":"binary-expr","locations":[{"start":{"line":34,"column":13},"end":{"line":34,"column":16}},{"start":{"line":34,"column":20},"end":{"line":34,"column":77}}]},"10":{"line":37,"type":"binary-expr","locations":[{"start":{"line":37,"column":13},"end":{"line":37,"column":32}},{"start":{"line":37,"column":36},"end":{"line":37,"column":60}}]},"11":{"line":40,"type":"binary-expr","locations":[{"start":{"line":40,"column":13},"end":{"line":40,"column":16}},{"start":{"line":40,"column":20},"end":{"line":40,"column":38}}]},"12":{"line":43,"type":"binary-expr","locations":[{"start":{"line":43,"column":13},"end":{"line":43,"column":17}},{"start":{"line":43,"column":21},"end":{"line":43,"column":47}}]},"13":{"line":46,"type":"binary-expr","locations":[{"start":{"line":46,"column":13},"end":{"line":46,"column":17}},{"start":{"line":46,"column":21},"end":{"line":46,"column":40}}]},"14":{"line":49,"type":"binary-expr","locations":[{"start":{"line":49,"column":13},"end":{"line":49,"column":38}},{"start":{"line":49,"column":42},"end":{"line":49,"column":101}}]},"15":{"line":54,"type":"binary-expr","locations":[{"start":{"line":54,"column":15},"end":{"line":54,"column":17}},{"start":{"line":54,"column":21},"end":{"line":54,"column":34}},{"start":{"line":54,"column":38},"end":{"line":54,"column":57}}]},"16":{"line":76,"type":"if","locations":[{"start":{"line":76,"column":8},"end":{"line":76,"column":8}},{"start":{"line":76,"column":8},"end":{"line":76,"column":8}}]},"17":{"line":76,"type":"binary-expr","locations":[{"start":{"line":76,"column":12},"end":{"line":76,"column":18}},{"start":{"line":76,"column":22},"end":{"line":76,"column":40}}]},"18":{"line":78,"type":"binary-expr","locations":[{"start":{"line":78,"column":29},"end":{"line":78,"column":82}},{"start":{"line":78,"column":86},"end":{"line":78,"column":150}}]},"19":{"line":90,"type":"if","locations":[{"start":{"line":90,"column":6},"end":{"line":90,"column":6}},{"start":{"line":90,"column":6},"end":{"line":90,"column":6}}]},"20":{"line":94,"type":"if","locations":[{"start":{"line":94,"column":10},"end":{"line":94,"column":10}},{"start":{"line":94,"column":10},"end":{"line":94,"column":10}}]},"21":{"line":98,"type":"if","locations":[{"start":{"line":98,"column":13},"end":{"line":98,"column":13}},{"start":{"line":98,"column":13},"end":{"line":98,"column":13}}]},"22":{"line":100,"type":"if","locations":[{"start":{"line":100,"column":10},"end":{"line":100,"column":10}},{"start":{"line":100,"column":10},"end":{"line":100,"column":10}}]},"23":{"line":101,"type":"if","locations":[{"start":{"line":101,"column":12},"end":{"line":101,"column":12}},{"start":{"line":101,"column":12},"end":{"line":101,"column":12}}]},"24":{"line":109,"type":"if","locations":[{"start":{"line":109,"column":6},"end":{"line":109,"column":6}},{"start":{"line":109,"column":6},"end":{"line":109,"column":6}}]},"25":{"line":109,"type":"binary-expr","locations":[{"start":{"line":109,"column":10},"end":{"line":109,"column":41}},{"start":{"line":109,"column":45},"end":{"line":109,"column":73}},{"start":{"line":109,"column":77},"end":{"line":109,"column":89}}]},"26":{"line":118,"type":"if","locations":[{"start":{"line":118,"column":8},"end":{"line":118,"column":8}},{"start":{"line":118,"column":8},"end":{"line":118,"column":8}}]},"27":{"line":121,"type":"if","locations":[{"start":{"line":121,"column":10},"end":{"line":121,"column":10}},{"start":{"line":121,"column":10},"end":{"line":121,"column":10}}]},"28":{"line":131,"type":"if","locations":[{"start":{"line":131,"column":6},"end":{"line":131,"column":6}},{"start":{"line":131,"column":6},"end":{"line":131,"column":6}}]},"29":{"line":134,"type":"if","locations":[{"start":{"line":134,"column":6},"end":{"line":134,"column":6}},{"start":{"line":134,"column":6},"end":{"line":134,"column":6}}]},"30":{"line":134,"type":"binary-expr","locations":[{"start":{"line":134,"column":10},"end":{"line":134,"column":30}},{"start":{"line":134,"column":34},"end":{"line":134,"column":53}}]},"31":{"line":136,"type":"if","locations":[{"start":{"line":136,"column":13},"end":{"line":136,"column":13}},{"start":{"line":136,"column":13},"end":{"line":136,"column":13}}]},"32":{"line":143,"type":"if","locations":[{"start":{"line":143,"column":6},"end":{"line":143,"column":6}},{"start":{"line":143,"column":6},"end":{"line":143,"column":6}}]},"33":{"line":146,"type":"if","locations":[{"start":{"line":146,"column":6},"end":{"line":146,"column":6}},{"start":{"line":146,"column":6},"end":{"line":146,"column":6}}]},"34":{"line":151,"type":"if","locations":[{"start":{"line":151,"column":6},"end":{"line":151,"column":6}},{"start":{"line":151,"column":6},"end":{"line":151,"column":6}}]},"35":{"line":168,"type":"if","locations":[{"start":{"line":168,"column":6},"end":{"line":168,"column":6}},{"start":{"line":168,"column":6},"end":{"line":168,"column":6}}]},"36":{"line":179,"type":"binary-expr","locations":[{"start":{"line":179,"column":13},"end":{"line":179,"column":46}},{"start":{"line":179,"column":50},"end":{"line":179,"column":73}}]},"37":{"line":192,"type":"cond-expr","locations":[{"start":{"line":192,"column":42},"end":{"line":192,"column":49}},{"start":{"line":192,"column":52},"end":{"line":192,"column":54}}]},"38":{"line":196,"type":"if","locations":[{"start":{"line":196,"column":8},"end":{"line":196,"column":8}},{"start":{"line":196,"column":8},"end":{"line":196,"column":8}}]},"39":{"line":196,"type":"binary-expr","locations":[{"start":{"line":196,"column":12},"end":{"line":196,"column":31}},{"start":{"line":196,"column":35},"end":{"line":196,"column":62}}]},"40":{"line":206,"type":"cond-expr","locations":[{"start":{"line":206,"column":82},"end":{"line":206,"column":86}},{"start":{"line":206,"column":89},"end":{"line":206,"column":94}}]},"41":{"line":295,"type":"if","locations":[{"start":{"line":295,"column":2},"end":{"line":295,"column":2}},{"start":{"line":295,"column":2},"end":{"line":295,"column":2}}]},"42":{"line":295,"type":"binary-expr","locations":[{"start":{"line":295,"column":6},"end":{"line":295,"column":27}},{"start":{"line":295,"column":31},"end":{"line":295,"column":44}}]},"43":{"line":297,"type":"if","locations":[{"start":{"line":297,"column":6},"end":{"line":297,"column":6}},{"start":{"line":297,"column":6},"end":{"line":297,"column":6}}]},"44":{"line":301,"type":"if","locations":[{"start":{"line":301,"column":4},"end":{"line":301,"column":4}},{"start":{"line":301,"column":4},"end":{"line":301,"column":4}}]},"45":{"line":304,"type":"if","locations":[{"start":{"line":304,"column":9},"end":{"line":304,"column":9}},{"start":{"line":304,"column":9},"end":{"line":304,"column":9}}]},"46":{"line":304,"type":"binary-expr","locations":[{"start":{"line":304,"column":13},"end":{"line":304,"column":35}},{"start":{"line":304,"column":39},"end":{"line":304,"column":52}}]},"47":{"line":305,"type":"if","locations":[{"start":{"line":305,"column":4},"end":{"line":305,"column":4}},{"start":{"line":305,"column":4},"end":{"line":305,"column":4}}]},"48":{"line":312,"type":"cond-expr","locations":[{"start":{"line":312,"column":30},"end":{"line":312,"column":33}},{"start":{"line":312,"column":36},"end":{"line":312,"column":38}}]},"49":{"line":313,"type":"cond-expr","locations":[{"start":{"line":313,"column":46},"end":{"line":313,"column":57}},{"start":{"line":313,"column":60},"end":{"line":313,"column":62}}]},"50":{"line":323,"type":"if","locations":[{"start":{"line":323,"column":2},"end":{"line":323,"column":2}},{"start":{"line":323,"column":2},"end":{"line":323,"column":2}}]},"51":{"line":326,"type":"if","locations":[{"start":{"line":326,"column":2},"end":{"line":326,"column":2}},{"start":{"line":326,"column":2},"end":{"line":326,"column":2}}]},"52":{"line":333,"type":"binary-expr","locations":[{"start":{"line":333,"column":18},"end":{"line":333,"column":25}},{"start":{"line":333,"column":29},"end":{"line":333,"column":31}}]},"53":{"line":342,"type":"cond-expr","locations":[{"start":{"line":342,"column":45},"end":{"line":342,"column":56}},{"start":{"line":342,"column":59},"end":{"line":342,"column":67}}]},"54":{"line":343,"type":"cond-expr","locations":[{"start":{"line":343,"column":46},"end":{"line":343,"column":57}},{"start":{"line":343,"column":60},"end":{"line":343,"column":62}}]},"55":{"line":344,"type":"if","locations":[{"start":{"line":344,"column":2},"end":{"line":344,"column":2}},{"start":{"line":344,"column":2},"end":{"line":344,"column":2}}]},"56":{"line":347,"type":"binary-expr","locations":[{"start":{"line":347,"column":16},"end":{"line":347,"column":63}},{"start":{"line":347,"column":67},"end":{"line":347,"column":69}}]},"57":{"line":347,"type":"cond-expr","locations":[{"start":{"line":347,"column":165},"end":{"line":347,"column":178}},{"start":{"line":347,"column":181},"end":{"line":347,"column":182}}]},"58":{"line":348,"type":"if","locations":[{"start":{"line":348,"column":2},"end":{"line":348,"column":2}},{"start":{"line":348,"column":2},"end":{"line":348,"column":2}}]},"59":{"line":355,"type":"if","locations":[{"start":{"line":355,"column":9},"end":{"line":355,"column":9}},{"start":{"line":355,"column":9},"end":{"line":355,"column":9}}]},"60":{"line":371,"type":"cond-expr","locations":[{"start":{"line":371,"column":45},"end":{"line":371,"column":56}},{"start":{"line":371,"column":59},"end":{"line":371,"column":67}}]},"61":{"line":372,"type":"cond-expr","locations":[{"start":{"line":372,"column":46},"end":{"line":372,"column":57}},{"start":{"line":372,"column":60},"end":{"line":372,"column":62}}]},"62":{"line":373,"type":"if","locations":[{"start":{"line":373,"column":2},"end":{"line":373,"column":2}},{"start":{"line":373,"column":2},"end":{"line":373,"column":2}}]},"63":{"line":398,"type":"if","locations":[{"start":{"line":398,"column":2},"end":{"line":398,"column":2}},{"start":{"line":398,"column":2},"end":{"line":398,"column":2}}]},"64":{"line":398,"type":"binary-expr","locations":[{"start":{"line":398,"column":6},"end":{"line":398,"column":34}},{"start":{"line":398,"column":38},"end":{"line":398,"column":48}}]},"65":{"line":402,"type":"if","locations":[{"start":{"line":402,"column":9},"end":{"line":402,"column":9}},{"start":{"line":402,"column":9},"end":{"line":402,"column":9}}]},"66":{"line":408,"type":"binary-expr","locations":[{"start":{"line":408,"column":2},"end":{"line":408,"column":6}},{"start":{"line":408,"column":10},"end":{"line":408,"column":12}}]},"67":{"line":408,"type":"cond-expr","locations":[{"start":{"line":408,"column":48},"end":{"line":408,"column":56}},{"start":{"line":408,"column":59},"end":{"line":408,"column":91}}]},"68":{"line":408,"type":"binary-expr","locations":[{"start":{"line":408,"column":93},"end":{"line":408,"column":107}},{"start":{"line":408,"column":111},"end":{"line":408,"column":113}}]}},"l":{"1":1,"2":1,"3":1,"4":1,"7":1,"8":1,"12":1,"13":0,"14":0,"15":0,"16":0,"17":0,"18":0,"19":0,"20":0,"21":0,"22":0,"23":0,"24":0,"25":0,"26":0,"28":0,"30":1,"34":86,"37":9,"40":33,"43":17,"46":3,"49":9,"53":1,"54":1,"57":1,"60":1,"63":2,"66":2,"69":1,"76":1,"77":0,"78":0,"79":0,"80":0,"81":0,"83":1,"89":25,"90":25,"91":12,"92":12,"93":12,"94":17,"95":11,"98":13,"99":13,"100":129,"101":129,"102":0,"109":6,"110":0,"112":6,"113":6,"114":99,"116":6,"117":28,"118":28,"119":27,"121":1,"122":0,"124":1,"128":6,"131":1,"132":1,"134":0,"135":0,"136":0,"137":0,"138":0,"143":1,"144":1,"146":0,"147":0,"151":1,"152":1,"154":0,"155":0,"156":0,"161":0,"165":1,"168":1,"169":1,"171":0,"172":0,"173":0,"174":0,"175":0,"176":0,"177":0,"178":0,"179":0,"180":0,"182":0,"183":0,"187":1,"189":1,"190":1,"192":11,"193":11,"194":11,"195":15,"196":15,"197":11,"198":11,"199":11,"202":11,"203":11,"206":8,"207":8,"253":1,"255":1,"283":1,"284":1,"286":1,"287":3,"289":1,"290":1,"291":1,"293":1,"294":1,"295":1,"296":0,"297":0,"298":0,"301":0,"302":0,"304":1,"305":0,"306":0,"309":1,"311":1,"312":0,"313":0,"314":0,"321":1,"322":2,"323":2,"324":2,"326":0,"327":0,"328":0,"330":0,"332":0,"333":0,"334":0,"341":1,"342":2,"343":2,"344":2,"345":0,"347":2,"348":2,"349":0,"355":2,"356":0,"362":2,"370":1,"371":1,"372":1,"373":1,"374":0,"376":1,"380":1,"382":1,"383":1,"395":1,"397":1,"398":1,"399":0,"400":0,"402":1,"403":1,"405":0}}}
