{
"/Users/gfranko/Yahoo!/gifshot/tests/gifshot.test.js":{"path":"/Users/gfranko/Yahoo!/gifshot/tests/gifshot.test.js","s":{"1":1,"2":1,"3":1,"4":1,"5":1,"6":1,"7":1,"8":0,"9":0,"10":0,"11":0,"12":0,"13":0,"14":0,"15":0,"16":0,"17":0,"18":0,"19":0,"20":0,"21":0,"22":0,"23":1,"24":88,"25":9,"26":33,"27":17,"28":3,"29":9,"30":1,"31":1,"32":1,"33":1,"34":2,"35":2,"36":1,"37":1,"38":0,"39":0,"40":0,"41":0,"42":0,"43":1,"44":25,"45":25,"46":12,"47":12,"48":12,"49":17,"50":11,"51":13,"52":13,"53":139,"54":139,"55":0,"56":6,"57":0,"58":6,"59":6,"60":107,"61":6,"62":30,"63":30,"64":29,"65":1,"66":0,"67":1,"68":6,"69":1,"70":1,"71":0,"72":0,"73":0,"74":0,"75":0,"76":1,"77":1,"78":0,"79":0,"80":1,"81":1,"82":0,"83":0,"84":0,"85":0,"86":1,"87":1,"88":1,"89":1,"90":0,"91":0,"92":0,"93":0,"94":0,"95":0,"96":0,"97":0,"98":0,"99":0,"100":0,"101":0,"102":1,"103":1,"104":1,"105":11,"106":11,"107":11,"108":15,"109":15,"110":11,"111":11,"112":11,"113":11,"114":11,"115":8,"116":8,"117":1,"118":1,"119":1,"120":1,"121":1,"122":3,"123":1,"124":1,"125":1,"126":1,"127":1,"128":1,"129":0,"130":0,"131":0,"132":0,"133":0,"134":1,"135":0,"136":0,"137":1,"138":1,"139":0,"140":0,"141":0,"142":1,"143":2,"144":2,"145":2,"146":0,"147":0,"148":0,"149":0,"150":0,"151":0,"152":0,"153":1,"154":2,"155":2,"156":2,"157":0,"158":2,"159":2,"160":0,"161":2,"162":0,"163":2,"164":1,"165":1,"166":1,"167":1,"168":0,"169":1,"170":1,"171":1,"172":1,"173":1,"174":1,"175":1,"176":0,"177":0,"178":1,"179":1,"180":0},"b":{"1":[1,1,1,1],"2":[1,1,1,1],"3":[0,1],"4":[1,1,1,1,1],"5":[1,1],"6":[0,0],"7":[0,0],"8":[1,0],"9":[88,71],"10":[9,3],"11":[33,32],"12":[17,15],"13":[3,1],"14":[9,8],"15":[1,0,0],"16":[0,1],"17":[1,0],"18":[0,0],"19":[12,13],"20":[11,6],"21":[13,0],"22":[139,0],"23":[0,139],"24":[0,6],"25":[6,6,6],"26":[29,1],"27":[0,1],"28":[1,0],"29":[0,0],"30":[0,0],"31":[0,0],"32":[1,0],"33":[0,0],"34":[1,0],"35":[1,0],"36":[1,0],"37":[1,0],"38":[0,0],"39":[3,8],"40":[11,4],"41":[15,11],"42":[0,8],"43":[0,1],"44":[1,0],"45":[0,0],"46":[0,0],"47":[0,1],"48":[1,0],"49":[0,0],"50":[0,0],"51":[0,0],"52":[2,0],"53":[0,0],"54":[0,0],"55":[0,2],"56":[2,0],"57":[0,2],"58":[2,0],"59":[2,0],"60":[0,2],"61":[0,2],"62":[0,1],"63":[1,0],"64":[0,1],"65":[0,1],"66":[1,0],"67":[1,0],"68":[0,1],"69":[0,1],"70":[0,1]},"f":{"1":1,"2":1,"3":1,"4":1,"5":0,"6":0,"7":88,"8":9,"9":33,"10":17,"11":3,"12":9,"13":1,"14":1,"15":1,"16":2,"17":2,"18":1,"19":0,"20":25,"21":6,"22":107,"23":30,"24":1,"25":0,"26":1,"27":1,"28":1,"29":1,"30":1,"31":11,"32":15,"33":8,"34":1,"35":1,"36":1,"37":3,"38":1,"39":1,"40":0,"41":0,"42":2,"43":0,"44":0,"45":2,"46":1,"47":1,"48":1,"49":0,"50":2},"fnMap":{"1":{"name":"(anonymous_1)","line":1,"loc":{"start":{"line":1,"column":2},"end":{"line":1,"column":51}}},"2":{"name":"(anonymous_2)","line":3,"loc":{"start":{"line":3,"column":8},"end":{"line":3,"column":20}}},"3":{"name":"(anonymous_3)","line":6,"loc":{"start":{"line":6,"column":20},"end":{"line":6,"column":32}}},"4":{"name":"(anonymous_4)","line":11,"loc":{"start":{"line":11,"column":12},"end":{"line":11,"column":24}}},"5":{"name":"(anonymous_5)","line":12,"loc":{"start":{"line":12,"column":32},"end":{"line":12,"column":49}}},"6":{"name":"(anonymous_6)","line":30,"loc":{"start":{"line":30,"column":40},"end":{"line":30,"column":52}}},"7":{"name":"(anonymous_7)","line":33,"loc":{"start":{"line":33,"column":16},"end":{"line":33,"column":31}}},"8":{"name":"(anonymous_8)","line":36,"loc":{"start":{"line":36,"column":21},"end":{"line":36,"column":36}}},"9":{"name":"(anonymous_9)","line":39,"loc":{"start":{"line":39,"column":15},"end":{"line":39,"column":30}}},"10":{"name":"(anonymous_10)","line":42,"loc":{"start":{"line":42,"column":18},"end":{"line":42,"column":34}}},"11":{"name":"(anonymous_11)","line":45,"loc":{"start":{"line":45,"column":17},"end":{"line":45,"column":33}}},"12":{"name":"(anonymous_12)","line":48,"loc":{"start":{"line":48,"column":16},"end":{"line":48,"column":33}}},"13":{"name":"(anonymous_13)","line":52,"loc":{"start":{"line":52,"column":16},"end":{"line":52,"column":28}}},"14":{"name":"(anonymous_14)","line":56,"loc":{"start":{"line":56,"column":20},"end":{"line":56,"column":32}}},"15":{"name":"(anonymous_15)","line":59,"loc":{"start":{"line":59,"column":14},"end":{"line":59,"column":26}}},"16":{"name":"(anonymous_16)","line":62,"loc":{"start":{"line":62,"column":20},"end":{"line":62,"column":32}}},"17":{"name":"(anonymous_17)","line":65,"loc":{"start":{"line":65,"column":21},"end":{"line":65,"column":33}}},"18":{"name":"(anonymous_18)","line":68,"loc":{"start":{"line":68,"column":21},"end":{"line":68,"column":33}}},"19":{"name":"(anonymous_19)","line":86,"loc":{"start":{"line":86,"column":12},"end":{"line":86,"column":24}}},"20":{"name":"(anonymous_20)","line":88,"loc":{"start":{"line":88,"column":12},"end":{"line":88,"column":44}}},"21":{"name":"deepMerge","line":108,"loc":{"start":{"line":108,"column":20},"end":{"line":108,"column":68}}},"22":{"name":"(anonymous_22)","line":113,"loc":{"start":{"line":113,"column":33},"end":{"line":113,"column":53}}},"23":{"name":"(anonymous_23)","line":116,"loc":{"start":{"line":116,"column":30},"end":{"line":116,"column":50}}},"24":{"name":"(anonymous_24)","line":130,"loc":{"start":{"line":130,"column":18},"end":{"line":130,"column":45}}},"25":{"name":"(anonymous_25)","line":137,"loc":{"start":{"line":137,"column":25},"end":{"line":137,"column":45}}},"26":{"name":"(anonymous_26)","line":142,"loc":{"start":{"line":142,"column":21},"end":{"line":142,"column":37}}},"27":{"name":"(anonymous_27)","line":150,"loc":{"start":{"line":150,"column":23},"end":{"line":150,"column":42}}},"28":{"name":"(anonymous_28)","line":164,"loc":{"start":{"line":164,"column":20},"end":{"line":164,"column":35}}},"29":{"name":"(anonymous_29)","line":167,"loc":{"start":{"line":167,"column":19},"end":{"line":167,"column":38}}},"30":{"name":"(anonymous_30)","line":190,"loc":{"start":{"line":190,"column":8},"end":{"line":190,"column":25}}},"31":{"name":"(anonymous_31)","line":192,"loc":{"start":{"line":192,"column":16},"end":{"line":192,"column":35}}},"32":{"name":"(anonymous_32)","line":195,"loc":{"start":{"line":195,"column":35},"end":{"line":195,"column":71}}},"33":{"name":"(anonymous_33)","line":206,"loc":{"start":{"line":206,"column":15},"end":{"line":206,"column":34}}},"34":{"name":"(anonymous_34)","line":279,"loc":{"start":{"line":279,"column":22},"end":{"line":279,"column":49}}},"35":{"name":"(anonymous_35)","line":281,"loc":{"start":{"line":281,"column":22},"end":{"line":281,"column":34}}},"36":{"name":"(anonymous_36)","line":286,"loc":{"start":{"line":286,"column":14},"end":{"line":286,"column":26}}},"37":{"name":"(anonymous_37)","line":289,"loc":{"start":{"line":289,"column":23},"end":{"line":289,"column":35}}},"38":{"name":"(anonymous_38)","line":292,"loc":{"start":{"line":292,"column":31},"end":{"line":292,"column":43}}},"39":{"name":"(anonymous_39)","line":296,"loc":{"start":{"line":296,"column":30},"end":{"line":296,"column":48}}},"40":{"name":"(anonymous_40)","line":299,"loc":{"start":{"line":299,"column":23},"end":{"line":299,"column":55}}},"41":{"name":"(anonymous_41)","line":314,"loc":{"start":{"line":314,"column":21},"end":{"line":314,"column":36}}},"42":{"name":"(anonymous_42)","line":324,"loc":{"start":{"line":324,"column":17},"end":{"line":324,"column":32}}},"43":{"name":"(anonymous_43)","line":330,"loc":{"start":{"line":330,"column":37},"end":{"line":330,"column":52}}},"44":{"name":"(anonymous_44)","line":335,"loc":{"start":{"line":335,"column":34},"end":{"line":335,"column":49}}},"45":{"name":"(anonymous_45)","line":344,"loc":{"start":{"line":344,"column":12},"end":{"line":344,"column":45}}},"46":{"name":"(anonymous_46)","line":373,"loc":{"start":{"line":373,"column":15},"end":{"line":373,"column":48}}},"47":{"name":"(anonymous_47)","line":385,"loc":{"start":{"line":385,"column":6},"end":{"line":385,"column":185}}},"48":{"name":"(anonymous_48)","line":400,"loc":{"start":{"line":400,"column":1},"end":{"line":400,"column":16}}},"49":{"name":"(anonymous_49)","line":402,"loc":{"start":{"line":402,"column":15},"end":{"line":402,"column":27}}},"50":{"name":"(anonymous_50)","line":411,"loc":{"start":{"line":411,"column":109},"end":{"line":411,"column":120}}}},"statementMap":{"1":{"start":{"line":1,"column":1},"end":{"line":411,"column":182}},"2":{"start":{"line":2,"column":0},"end":{"line":2,"column":343}},"3":{"start":{"line":3,"column":0},"end":{"line":189,"column":4}},"4":{"start":{"line":4,"column":2},"end":{"line":187,"column":4}},"5":{"start":{"line":7,"column":6},"end":{"line":7,"column":137}},"6":{"start":{"line":8,"column":6},"end":{"line":8,"column":72}},"7":{"start":{"line":12,"column":6},"end":{"line":29,"column":8}},"8":{"start":{"line":13,"column":8},"end":{"line":13,"column":166}},"9":{"start":{"line":14,"column":8},"end":{"line":27,"column":9}},"10":{"start":{"line":15,"column":10},"end":{"line":15,"column":39}},"11":{"start":{"line":16,"column":10},"end":{"line":16,"column":39}},"12":{"start":{"line":17,"column":10},"end":{"line":17,"column":39}},"13":{"start":{"line":18,"column":10},"end":{"line":18,"column":27}},"14":{"start":{"line":19,"column":10},"end":{"line":19,"column":45}},"15":{"start":{"line":20,"column":10},"end":{"line":20,"column":46}},"16":{"start":{"line":21,"column":10},"end":{"line":21,"column":27}},"17":{"start":{"line":22,"column":10},"end":{"line":25,"column":22}},"18":{"start":{"line":23,"column":12},"end":{"line":23,"column":29}},"19":{"start":{"line":24,"column":15},"end":{"line":25,"column":22}},"20":{"start":{"line":25,"column":12},"end":{"line":25,"column":22}},"21":{"start":{"line":26,"column":10},"end":{"line":26,"column":102}},"22":{"start":{"line":28,"column":8},"end":{"line":28,"column":22}},"23":{"start":{"line":30,"column":6},"end":{"line":31,"column":8}},"24":{"start":{"line":34,"column":6},"end":{"line":34,"column":78}},"25":{"start":{"line":37,"column":6},"end":{"line":37,"column":61}},"26":{"start":{"line":40,"column":6},"end":{"line":40,"column":39}},"27":{"start":{"line":43,"column":6},"end":{"line":43,"column":48}},"28":{"start":{"line":46,"column":6},"end":{"line":46,"column":41}},"29":{"start":{"line":49,"column":6},"end":{"line":49,"column":102}},"30":{"start":{"line":53,"column":8},"end":{"line":53,"column":50}},"31":{"start":{"line":54,"column":8},"end":{"line":54,"column":58}},"32":{"start":{"line":57,"column":8},"end":{"line":57,"column":29}},"33":{"start":{"line":60,"column":8},"end":{"line":60,"column":26}},"34":{"start":{"line":63,"column":8},"end":{"line":63,"column":33}},"35":{"start":{"line":66,"column":8},"end":{"line":66,"column":34}},"36":{"start":{"line":69,"column":8},"end":{"line":75,"column":12}},"37":{"start":{"line":76,"column":8},"end":{"line":82,"column":9}},"38":{"start":{"line":77,"column":10},"end":{"line":77,"column":86}},"39":{"start":{"line":78,"column":10},"end":{"line":78,"column":159}},"40":{"start":{"line":79,"column":10},"end":{"line":79,"column":83}},"41":{"start":{"line":80,"column":10},"end":{"line":80,"column":83}},"42":{"start":{"line":81,"column":10},"end":{"line":81,"column":90}},"43":{"start":{"line":83,"column":8},"end":{"line":83,"column":26}},"44":{"start":{"line":89,"column":6},"end":{"line":89,"column":17}},"45":{"start":{"line":90,"column":6},"end":{"line":106,"column":7}},"46":{"start":{"line":91,"column":8},"end":{"line":91,"column":15}},"47":{"start":{"line":92,"column":8},"end":{"line":92,"column":32}},"48":{"start":{"line":93,"column":8},"end":{"line":97,"column":9}},"49":{"start":{"line":94,"column":10},"end":{"line":96,"column":11}},"50":{"start":{"line":95,"column":12},"end":{"line":95,"column":18}},"51":{"start":{"line":98,"column":13},"end":{"line":106,"column":7}},"52":{"start":{"line":99,"column":8},"end":{"line":105,"column":9}},"53":{"start":{"line":100,"column":10},"end":{"line":104,"column":11}},"54":{"start":{"line":101,"column":12},"end":{"line":103,"column":13}},"55":{"start":{"line":102,"column":14},"end":{"line":102,"column":20}},"56":{"start":{"line":109,"column":6},"end":{"line":111,"column":7}},"57":{"start":{"line":110,"column":8},"end":{"line":110,"column":15}},"58":{"start":{"line":112,"column":6},"end":{"line":112,"column":22}},"59":{"start":{"line":113,"column":6},"end":{"line":115,"column":9}},"60":{"start":{"line":114,"column":8},"end":{"line":114,"column":42}},"61":{"start":{"line":116,"column":6},"end":{"line":127,"column":9}},"62":{"start":{"line":117,"column":8},"end":{"line":117,"column":49}},"63":{"start":{"line":118,"column":8},"end":{"line":126,"column":9}},"64":{"start":{"line":119,"column":10},"end":{"line":119,"column":42}},"65":{"start":{"line":121,"column":10},"end":{"line":125,"column":11}},"66":{"start":{"line":122,"column":12},"end":{"line":122,"column":44}},"67":{"start":{"line":124,"column":12},"end":{"line":124,"column":76}},"68":{"start":{"line":128,"column":6},"end":{"line":128,"column":20}},"69":{"start":{"line":131,"column":6},"end":{"line":133,"column":7}},"70":{"start":{"line":132,"column":8},"end":{"line":132,"column":15}},"71":{"start":{"line":134,"column":6},"end":{"line":140,"column":7}},"72":{"start":{"line":135,"column":8},"end":{"line":135,"column":31}},"73":{"start":{"line":136,"column":13},"end":{"line":140,"column":7}},"74":{"start":{"line":137,"column":8},"end":{"line":139,"column":11}},"75":{"start":{"line":138,"column":10},"end":{"line":138,"column":32}},"76":{"start":{"line":143,"column":6},"end":{"line":145,"column":7}},"77":{"start":{"line":144,"column":8},"end":{"line":144,"column":15}},"78":{"start":{"line":146,"column":6},"end":{"line":148,"column":7}},"79":{"start":{"line":147,"column":8},"end":{"line":147,"column":42}},"80":{"start":{"line":151,"column":6},"end":{"line":153,"column":7}},"81":{"start":{"line":152,"column":8},"end":{"line":152,"column":18}},"82":{"start":{"line":154,"column":6},"end":{"line":162,"column":7}},"83":{"start":{"line":155,"column":8},"end":{"line":155,"column":153}},"84":{"start":{"line":156,"column":8},"end":{"line":159,"column":10}},"85":{"start":{"line":161,"column":8},"end":{"line":161,"column":22}},"86":{"start":{"line":165,"column":6},"end":{"line":165,"column":62}},"87":{"start":{"line":168,"column":6},"end":{"line":168,"column":30}},"88":{"start":{"line":169,"column":6},"end":{"line":171,"column":7}},"89":{"start":{"line":170,"column":8},"end":{"line":170,"column":32}},"90":{"start":{"line":172,"column":6},"end":{"line":172,"column":233}},"91":{"start":{"line":173,"column":6},"end":{"line":173,"column":48}},"92":{"start":{"line":174,"column":6},"end":{"line":174,"column":28}},"93":{"start":{"line":175,"column":6},"end":{"line":175,"column":28}},"94":{"start":{"line":176,"column":6},"end":{"line":176,"column":44}},"95":{"start":{"line":177,"column":6},"end":{"line":177,"column":40}},"96":{"start":{"line":178,"column":6},"end":{"line":178,"column":39}},"97":{"start":{"line":179,"column":6},"end":{"line":179,"column":38}},"98":{"start":{"line":180,"column":6},"end":{"line":182,"column":7}},"99":{"start":{"line":181,"column":8},"end":{"line":181,"column":48}},"100":{"start":{"line":183,"column":6},"end":{"line":183,"column":38}},"101":{"start":{"line":184,"column":6},"end":{"line":184,"column":29}},"102":{"start":{"line":188,"column":2},"end":{"line":188,"column":15}},"103":{"start":{"line":190,"column":0},"end":{"line":255,"column":9}},"104":{"start":{"line":191,"column":2},"end":{"line":253,"column":4}},"105":{"start":{"line":193,"column":6},"end":{"line":193,"column":55}},"106":{"start":{"line":194,"column":6},"end":{"line":194,"column":24}},"107":{"start":{"line":195,"column":6},"end":{"line":202,"column":9}},"108":{"start":{"line":196,"column":8},"end":{"line":196,"column":51}},"109":{"start":{"line":197,"column":8},"end":{"line":201,"column":9}},"110":{"start":{"line":198,"column":10},"end":{"line":198,"column":38}},"111":{"start":{"line":199,"column":10},"end":{"line":199,"column":32}},"112":{"start":{"line":200,"column":10},"end":{"line":200,"column":23}},"113":{"start":{"line":203,"column":6},"end":{"line":203,"column":32}},"114":{"start":{"line":204,"column":6},"end":{"line":204,"column":22}},"115":{"start":{"line":207,"column":6},"end":{"line":207,"column":95}},"116":{"start":{"line":208,"column":6},"end":{"line":208,"column":21}},"117":{"start":{"line":254,"column":2},"end":{"line":254,"column":15}},"118":{"start":{"line":256,"column":0},"end":{"line":285,"column":2}},"119":{"start":{"line":286,"column":0},"end":{"line":288,"column":2}},"120":{"start":{"line":287,"column":2},"end":{"line":287,"column":25}},"121":{"start":{"line":289,"column":0},"end":{"line":291,"column":2}},"122":{"start":{"line":290,"column":2},"end":{"line":290,"column":25}},"123":{"start":{"line":292,"column":0},"end":{"line":295,"column":2}},"124":{"start":{"line":293,"column":2},"end":{"line":293,"column":41}},"125":{"start":{"line":294,"column":2},"end":{"line":294,"column":32}},"126":{"start":{"line":296,"column":0},"end":{"line":313,"column":2}},"127":{"start":{"line":297,"column":2},"end":{"line":297,"column":49}},"128":{"start":{"line":298,"column":2},"end":{"line":311,"column":3}},"129":{"start":{"line":299,"column":4},"end":{"line":303,"column":7}},"130":{"start":{"line":300,"column":6},"end":{"line":302,"column":7}},"131":{"start":{"line":301,"column":8},"end":{"line":301,"column":29}},"132":{"start":{"line":304,"column":4},"end":{"line":306,"column":5}},"133":{"start":{"line":305,"column":6},"end":{"line":305,"column":19}},"134":{"start":{"line":307,"column":9},"end":{"line":311,"column":3}},"135":{"start":{"line":308,"column":4},"end":{"line":310,"column":5}},"136":{"start":{"line":309,"column":6},"end":{"line":309,"column":19}},"137":{"start":{"line":312,"column":2},"end":{"line":312,"column":49}},"138":{"start":{"line":314,"column":0},"end":{"line":323,"column":2}},"139":{"start":{"line":315,"column":2},"end":{"line":315,"column":39}},"140":{"start":{"line":316,"column":2},"end":{"line":316,"column":207}},"141":{"start":{"line":317,"column":2},"end":{"line":322,"column":5}},"142":{"start":{"line":324,"column":0},"end":{"line":343,"column":2}},"143":{"start":{"line":325,"column":2},"end":{"line":325,"column":139}},"144":{"start":{"line":326,"column":2},"end":{"line":328,"column":3}},"145":{"start":{"line":327,"column":4},"end":{"line":327,"column":38}},"146":{"start":{"line":329,"column":2},"end":{"line":334,"column":3}},"147":{"start":{"line":330,"column":4},"end":{"line":332,"column":7}},"148":{"start":{"line":331,"column":6},"end":{"line":331,"column":20}},"149":{"start":{"line":333,"column":4},"end":{"line":333,"column":11}},"150":{"start":{"line":335,"column":2},"end":{"line":342,"column":5}},"151":{"start":{"line":336,"column":4},"end":{"line":336,"column":32}},"152":{"start":{"line":337,"column":4},"end":{"line":337,"column":35}},"153":{"start":{"line":344,"column":0},"end":{"line":372,"column":2}},"154":{"start":{"line":345,"column":2},"end":{"line":345,"column":68}},"155":{"start":{"line":346,"column":2},"end":{"line":346,"column":63}},"156":{"start":{"line":347,"column":2},"end":{"line":349,"column":3}},"157":{"start":{"line":348,"column":4},"end":{"line":348,"column":11}},"158":{"start":{"line":350,"column":2},"end":{"line":350,"column":255}},"159":{"start":{"line":351,"column":2},"end":{"line":371,"column":3}},"160":{"start":{"line":352,"column":4},"end":{"line":357,"column":7}},"161":{"start":{"line":358,"column":9},"end":{"line":371,"column":3}},"162":{"start":{"line":359,"column":4},"end":{"line":363,"column":7}},"163":{"start":{"line":365,"column":4},"end":{"line":370,"column":7}},"164":{"start":{"line":373,"column":0},"end":{"line":384,"column":2}},"165":{"start":{"line":374,"column":2},"end":{"line":374,"column":68}},"166":{"start":{"line":375,"column":2},"end":{"line":375,"column":63}},"167":{"start":{"line":376,"column":2},"end":{"line":378,"column":3}},"168":{"start":{"line":377,"column":4},"end":{"line":377,"column":11}},"169":{"start":{"line":379,"column":2},"end":{"line":382,"column":7}},"170":{"start":{"line":383,"column":2},"end":{"line":383,"column":31}},"171":{"start":{"line":385,"column":0},"end":{"line":399,"column":171}},"172":{"start":{"line":386,"column":2},"end":{"line":397,"column":4}},"173":{"start":{"line":398,"column":2},"end":{"line":398,"column":17}},"174":{"start":{"line":400,"column":0},"end":{"line":410,"column":8}},"175":{"start":{"line":401,"column":2},"end":{"line":409,"column":3}},"176":{"start":{"line":402,"column":4},"end":{"line":404,"column":7}},"177":{"start":{"line":403,"column":6},"end":{"line":403,"column":17}},"178":{"start":{"line":405,"column":9},"end":{"line":409,"column":3}},"179":{"start":{"line":406,"column":4},"end":{"line":406,"column":25}},"180":{"start":{"line":408,"column":4},"end":{"line":408,"column":25}}},"branchMap":{"1":{"line":5,"type":"binary-expr","locations":[{"start":{"line":5,"column":11},"end":{"line":5,"column":21}},{"start":{"line":5,"column":25},"end":{"line":5,"column":41}},{"start":{"line":5,"column":45},"end":{"line":5,"column":58}},{"start":{"line":5,"column":62},"end":{"line":5,"column":74}}]},"2":{"line":7,"type":"binary-expr","locations":[{"start":{"line":7,"column":25},"end":{"line":7,"column":47}},{"start":{"line":7,"column":51},"end":{"line":7,"column":79}},{"start":{"line":7,"column":83},"end":{"line":7,"column":108}},{"start":{"line":7,"column":112},"end":{"line":7,"column":136}}]},"3":{"line":8,"type":"cond-expr","locations":[{"start":{"line":8,"column":28},"end":{"line":8,"column":56}},{"start":{"line":8,"column":59},"end":{"line":8,"column":71}}]},"4":{"line":10,"type":"binary-expr","locations":[{"start":{"line":10,"column":12},"end":{"line":10,"column":23}},{"start":{"line":10,"column":27},"end":{"line":10,"column":45}},{"start":{"line":10,"column":49},"end":{"line":10,"column":73}},{"start":{"line":10,"column":77},"end":{"line":10,"column":98}},{"start":{"line":10,"column":102},"end":{"line":10,"column":122}}]},"5":{"line":12,"type":"binary-expr","locations":[{"start":{"line":12,"column":17},"end":{"line":12,"column":28}},{"start":{"line":12,"column":32},"end":{"line":29,"column":7}}]},"6":{"line":22,"type":"if","locations":[{"start":{"line":22,"column":10},"end":{"line":22,"column":10}},{"start":{"line":22,"column":10},"end":{"line":22,"column":10}}]},"7":{"line":24,"type":"if","locations":[{"start":{"line":24,"column":15},"end":{"line":24,"column":15}},{"start":{"line":24,"column":15},"end":{"line":24,"column":15}}]},"8":{"line":30,"type":"cond-expr","locations":[{"start":{"line":30,"column":20},"end":{"line":30,"column":37}},{"start":{"line":30,"column":40},"end":{"line":31,"column":7}}]},"9":{"line":34,"type":"binary-expr","locations":[{"start":{"line":34,"column":13},"end":{"line":34,"column":16}},{"start":{"line":34,"column":20},"end":{"line":34,"column":77}}]},"10":{"line":37,"type":"binary-expr","locations":[{"start":{"line":37,"column":13},"end":{"line":37,"column":32}},{"start":{"line":37,"column":36},"end":{"line":37,"column":60}}]},"11":{"line":40,"type":"binary-expr","locations":[{"start":{"line":40,"column":13},"end":{"line":40,"column":16}},{"start":{"line":40,"column":20},"end":{"line":40,"column":38}}]},"12":{"line":43,"type":"binary-expr","locations":[{"start":{"line":43,"column":13},"end":{"line":43,"column":17}},{"start":{"line":43,"column":21},"end":{"line":43,"column":47}}]},"13":{"line":46,"type":"binary-expr","locations":[{"start":{"line":46,"column":13},"end":{"line":46,"column":17}},{"start":{"line":46,"column":21},"end":{"line":46,"column":40}}]},"14":{"line":49,"type":"binary-expr","locations":[{"start":{"line":49,"column":13},"end":{"line":49,"column":38}},{"start":{"line":49,"column":42},"end":{"line":49,"column":101}}]},"15":{"line":54,"type":"binary-expr","locations":[{"start":{"line":54,"column":15},"end":{"line":54,"column":17}},{"start":{"line":54,"column":21},"end":{"line":54,"column":34}},{"start":{"line":54,"column":38},"end":{"line":54,"column":57}}]},"16":{"line":76,"type":"if","locations":[{"start":{"line":76,"column":8},"end":{"line":76,"column":8}},{"start":{"line":76,"column":8},"end":{"line":76,"column":8}}]},"17":{"line":76,"type":"binary-expr","locations":[{"start":{"line":76,"column":12},"end":{"line":76,"column":18}},{"start":{"line":76,"column":22},"end":{"line":76,"column":40}}]},"18":{"line":78,"type":"binary-expr","locations":[{"start":{"line":78,"column":29},"end":{"line":78,"column":82}},{"start":{"line":78,"column":86},"end":{"line":78,"column":150}}]},"19":{"line":90,"type":"if","locations":[{"start":{"line":90,"column":6},"end":{"line":90,"column":6}},{"start":{"line":90,"column":6},"end":{"line":90,"column":6}}]},"20":{"line":94,"type":"if","locations":[{"start":{"line":94,"column":10},"end":{"line":94,"column":10}},{"start":{"line":94,"column":10},"end":{"line":94,"column":10}}]},"21":{"line":98,"type":"if","locations":[{"start":{"line":98,"column":13},"end":{"line":98,"column":13}},{"start":{"line":98,"column":13},"end":{"line":98,"column":13}}]},"22":{"line":100,"type":"if","locations":[{"start":{"line":100,"column":10},"end":{"line":100,"column":10}},{"start":{"line":100,"column":10},"end":{"line":100,"column":10}}]},"23":{"line":101,"type":"if","locations":[{"start":{"line":101,"column":12},"end":{"line":101,"column":12}},{"start":{"line":101,"column":12},"end":{"line":101,"column":12}}]},"24":{"line":109,"type":"if","locations":[{"start":{"line":109,"column":6},"end":{"line":109,"column":6}},{"start":{"line":109,"column":6},"end":{"line":109,"column":6}}]},"25":{"line":109,"type":"binary-expr","locations":[{"start":{"line":109,"column":10},"end":{"line":109,"column":41}},{"start":{"line":109,"column":45},"end":{"line":109,"column":73}},{"start":{"line":109,"column":77},"end":{"line":109,"column":89}}]},"26":{"line":118,"type":"if","locations":[{"start":{"line":118,"column":8},"end":{"line":118,"column":8}},{"start":{"line":118,"column":8},"end":{"line":118,"column":8}}]},"27":{"line":121,"type":"if","locations":[{"start":{"line":121,"column":10},"end":{"line":121,"column":10}},{"start":{"line":121,"column":10},"end":{"line":121,"column":10}}]},"28":{"line":131,"type":"if","locations":[{"start":{"line":131,"column":6},"end":{"line":131,"column":6}},{"start":{"line":131,"column":6},"end":{"line":131,"column":6}}]},"29":{"line":134,"type":"if","locations":[{"start":{"line":134,"column":6},"end":{"line":134,"column":6}},{"start":{"line":134,"column":6},"end":{"line":134,"column":6}}]},"30":{"line":134,"type":"binary-expr","locations":[{"start":{"line":134,"column":10},"end":{"line":134,"column":30}},{"start":{"line":134,"column":34},"end":{"line":134,"column":53}}]},"31":{"line":136,"type":"if","locations":[{"start":{"line":136,"column":13},"end":{"line":136,"column":13}},{"start":{"line":136,"column":13},"end":{"line":136,"column":13}}]},"32":{"line":143,"type":"if","locations":[{"start":{"line":143,"column":6},"end":{"line":143,"column":6}},{"start":{"line":143,"column":6},"end":{"line":143,"column":6}}]},"33":{"line":146,"type":"if","locations":[{"start":{"line":146,"column":6},"end":{"line":146,"column":6}},{"start":{"line":146,"column":6},"end":{"line":146,"column":6}}]},"34":{"line":151,"type":"if","locations":[{"start":{"line":151,"column":6},"end":{"line":151,"column":6}},{"start":{"line":151,"column":6},"end":{"line":151,"column":6}}]},"35":{"line":168,"type":"binary-expr","locations":[{"start":{"line":168,"column":16},"end":{"line":168,"column":23}},{"start":{"line":168,"column":27},"end":{"line":168,"column":29}}]},"36":{"line":169,"type":"if","locations":[{"start":{"line":169,"column":6},"end":{"line":169,"column":6}},{"start":{"line":169,"column":6},"end":{"line":169,"column":6}}]},"37":{"line":169,"type":"binary-expr","locations":[{"start":{"line":169,"column":10},"end":{"line":169,"column":24}},{"start":{"line":169,"column":28},"end":{"line":169,"column":56}}]},"38":{"line":180,"type":"binary-expr","locations":[{"start":{"line":180,"column":13},"end":{"line":180,"column":46}},{"start":{"line":180,"column":50},"end":{"line":180,"column":73}}]},"39":{"line":193,"type":"cond-expr","locations":[{"start":{"line":193,"column":42},"end":{"line":193,"column":49}},{"start":{"line":193,"column":52},"end":{"line":193,"column":54}}]},"40":{"line":197,"type":"if","locations":[{"start":{"line":197,"column":8},"end":{"line":197,"column":8}},{"start":{"line":197,"column":8},"end":{"line":197,"column":8}}]},"41":{"line":197,"type":"binary-expr","locations":[{"start":{"line":197,"column":12},"end":{"line":197,"column":31}},{"start":{"line":197,"column":35},"end":{"line":197,"column":62}}]},"42":{"line":207,"type":"cond-expr","locations":[{"start":{"line":207,"column":82},"end":{"line":207,"column":86}},{"start":{"line":207,"column":89},"end":{"line":207,"column":94}}]},"43":{"line":298,"type":"if","locations":[{"start":{"line":298,"column":2},"end":{"line":298,"column":2}},{"start":{"line":298,"column":2},"end":{"line":298,"column":2}}]},"44":{"line":298,"type":"binary-expr","locations":[{"start":{"line":298,"column":6},"end":{"line":298,"column":27}},{"start":{"line":298,"column":31},"end":{"line":298,"column":44}}]},"45":{"line":300,"type":"if","locations":[{"start":{"line":300,"column":6},"end":{"line":300,"column":6}},{"start":{"line":300,"column":6},"end":{"line":300,"column":6}}]},"46":{"line":304,"type":"if","locations":[{"start":{"line":304,"column":4},"end":{"line":304,"column":4}},{"start":{"line":304,"column":4},"end":{"line":304,"column":4}}]},"47":{"line":307,"type":"if","locations":[{"start":{"line":307,"column":9},"end":{"line":307,"column":9}},{"start":{"line":307,"column":9},"end":{"line":307,"column":9}}]},"48":{"line":307,"type":"binary-expr","locations":[{"start":{"line":307,"column":13},"end":{"line":307,"column":35}},{"start":{"line":307,"column":39},"end":{"line":307,"column":52}}]},"49":{"line":308,"type":"if","locations":[{"start":{"line":308,"column":4},"end":{"line":308,"column":4}},{"start":{"line":308,"column":4},"end":{"line":308,"column":4}}]},"50":{"line":315,"type":"cond-expr","locations":[{"start":{"line":315,"column":30},"end":{"line":315,"column":33}},{"start":{"line":315,"column":36},"end":{"line":315,"column":38}}]},"51":{"line":316,"type":"cond-expr","locations":[{"start":{"line":316,"column":46},"end":{"line":316,"column":57}},{"start":{"line":316,"column":60},"end":{"line":316,"column":62}}]},"52":{"line":326,"type":"if","locations":[{"start":{"line":326,"column":2},"end":{"line":326,"column":2}},{"start":{"line":326,"column":2},"end":{"line":326,"column":2}}]},"53":{"line":329,"type":"if","locations":[{"start":{"line":329,"column":2},"end":{"line":329,"column":2}},{"start":{"line":329,"column":2},"end":{"line":329,"column":2}}]},"54":{"line":336,"type":"binary-expr","locations":[{"start":{"line":336,"column":18},"end":{"line":336,"column":25}},{"start":{"line":336,"column":29},"end":{"line":336,"column":31}}]},"55":{"line":345,"type":"cond-expr","locations":[{"start":{"line":345,"column":45},"end":{"line":345,"column":56}},{"start":{"line":345,"column":59},"end":{"line":345,"column":67}}]},"56":{"line":346,"type":"cond-expr","locations":[{"start":{"line":346,"column":46},"end":{"line":346,"column":57}},{"start":{"line":346,"column":60},"end":{"line":346,"column":62}}]},"57":{"line":347,"type":"if","locations":[{"start":{"line":347,"column":2},"end":{"line":347,"column":2}},{"start":{"line":347,"column":2},"end":{"line":347,"column":2}}]},"58":{"line":350,"type":"binary-expr","locations":[{"start":{"line":350,"column":16},"end":{"line":350,"column":63}},{"start":{"line":350,"column":67},"end":{"line":350,"column":69}}]},"59":{"line":350,"type":"cond-expr","locations":[{"start":{"line":350,"column":165},"end":{"line":350,"column":178}},{"start":{"line":350,"column":181},"end":{"line":350,"column":182}}]},"60":{"line":351,"type":"if","locations":[{"start":{"line":351,"column":2},"end":{"line":351,"column":2}},{"start":{"line":351,"column":2},"end":{"line":351,"column":2}}]},"61":{"line":358,"type":"if","locations":[{"start":{"line":358,"column":9},"end":{"line":358,"column":9}},{"start":{"line":358,"column":9},"end":{"line":358,"column":9}}]},"62":{"line":374,"type":"cond-expr","locations":[{"start":{"line":374,"column":45},"end":{"line":374,"column":56}},{"start":{"line":374,"column":59},"end":{"line":374,"column":67}}]},"63":{"line":375,"type":"cond-expr","locations":[{"start":{"line":375,"column":46},"end":{"line":375,"column":57}},{"start":{"line":375,"column":60},"end":{"line":375,"column":62}}]},"64":{"line":376,"type":"if","locations":[{"start":{"line":376,"column":2},"end":{"line":376,"column":2}},{"start":{"line":376,"column":2},"end":{"line":376,"column":2}}]},"65":{"line":401,"type":"if","locations":[{"start":{"line":401,"column":2},"end":{"line":401,"column":2}},{"start":{"line":401,"column":2},"end":{"line":401,"column":2}}]},"66":{"line":401,"type":"binary-expr","locations":[{"start":{"line":401,"column":6},"end":{"line":401,"column":34}},{"start":{"line":401,"column":38},"end":{"line":401,"column":48}}]},"67":{"line":405,"type":"if","locations":[{"start":{"line":405,"column":9},"end":{"line":405,"column":9}},{"start":{"line":405,"column":9},"end":{"line":405,"column":9}}]},"68":{"line":411,"type":"cond-expr","locations":[{"start":{"line":411,"column":34},"end":{"line":411,"column":40}},{"start":{"line":411,"column":43},"end":{"line":411,"column":45}}]},"69":{"line":411,"type":"cond-expr","locations":[{"start":{"line":411,"column":81},"end":{"line":411,"column":89}},{"start":{"line":411,"column":92},"end":{"line":411,"column":124}}]},"70":{"line":411,"type":"cond-expr","locations":[{"start":{"line":411,"column":158},"end":{"line":411,"column":174}},{"start":{"line":411,"column":177},"end":{"line":411,"column":179}}]}},"l":{"1":1,"2":1,"3":1,"4":1,"7":1,"8":1,"12":1,"13":0,"14":0,"15":0,"16":0,"17":0,"18":0,"19":0,"20":0,"21":0,"22":0,"23":0,"24":0,"25":0,"26":0,"28":0,"30":1,"34":88,"37":9,"40":33,"43":17,"46":3,"49":9,"53":1,"54":1,"57":1,"60":1,"63":2,"66":2,"69":1,"76":1,"77":0,"78":0,"79":0,"80":0,"81":0,"83":1,"89":25,"90":25,"91":12,"92":12,"93":12,"94":17,"95":11,"98":13,"99":13,"100":139,"101":139,"102":0,"109":6,"110":0,"112":6,"113":6,"114":107,"116":6,"117":30,"118":30,"119":29,"121":1,"122":0,"124":1,"128":6,"131":1,"132":1,"134":0,"135":0,"136":0,"137":0,"138":0,"143":1,"144":1,"146":0,"147":0,"151":1,"152":1,"154":0,"155":0,"156":0,"161":0,"165":1,"168":1,"169":1,"170":1,"172":0,"173":0,"174":0,"175":0,"176":0,"177":0,"178":0,"179":0,"180":0,"181":0,"183":0,"184":0,"188":1,"190":1,"191":1,"193":11,"194":11,"195":11,"196":15,"197":15,"198":11,"199":11,"200":11,"203":11,"204":11,"207":8,"208":8,"254":1,"256":1,"286":1,"287":1,"289":1,"290":3,"292":1,"293":1,"294":1,"296":1,"297":1,"298":1,"299":0,"300":0,"301":0,"304":0,"305":0,"307":1,"308":0,"309":0,"312":1,"314":1,"315":0,"316":0,"317":0,"324":1,"325":2,"326":2,"327":2,"329":0,"330":0,"331":0,"333":0,"335":0,"336":0,"337":0,"344":1,"345":2,"346":2,"347":2,"348":0,"350":2,"351":2,"352":0,"358":2,"359":0,"365":2,"373":1,"374":1,"375":1,"376":1,"377":0,"379":1,"383":1,"385":1,"386":1,"398":1,"400":1,"401":1,"402":0,"403":0,"405":1,"406":1,"408":0}}}
