TN:
SF:/Users/gfranko/Yahoo!/gifshot/tests/gifshot.test.js
FN:1,(anonymous_1)
FN:3,(anonymous_2)
FN:6,(anonymous_3)
FN:11,(anonymous_4)
FN:12,(anonymous_5)
FN:30,(anonymous_6)
FN:33,(anonymous_7)
FN:36,(anonymous_8)
FN:39,(anonymous_9)
FN:42,(anonymous_10)
FN:45,(anonymous_11)
FN:48,(anonymous_12)
FN:52,(anonymous_13)
FN:56,(anonymous_14)
FN:59,(anonymous_15)
FN:62,(anonymous_16)
FN:65,(anonymous_17)
FN:68,(anonymous_18)
FN:86,(anonymous_19)
FN:88,(anonymous_20)
FN:108,deepMerge
FN:113,(anonymous_22)
FN:116,(anonymous_23)
FN:130,(anonymous_24)
FN:137,(anonymous_25)
FN:142,(anonymous_26)
FN:150,(anonymous_27)
FN:164,(anonymous_28)
FN:167,(anonymous_29)
FN:190,(anonymous_30)
FN:192,(anonymous_31)
FN:195,(anonymous_32)
FN:206,(anonymous_33)
FN:279,(anonymous_34)
FN:281,(anonymous_35)
FN:286,(anonymous_36)
FN:289,(anonymous_37)
FN:292,(anonymous_38)
FN:296,(anonymous_39)
FN:299,(anonymous_40)
FN:314,(anonymous_41)
FN:324,(anonymous_42)
FN:330,(anonymous_43)
FN:335,(anonymous_44)
FN:344,(anonymous_45)
FN:373,(anonymous_46)
FN:385,(anonymous_47)
FN:400,(anonymous_48)
FN:402,(anonymous_49)
FN:411,(anonymous_50)
FNF:50
FNH:41
FNDA:1,(anonymous_1)
FNDA:1,(anonymous_2)
FNDA:1,(anonymous_3)
FNDA:1,(anonymous_4)
FNDA:0,(anonymous_5)
FNDA:0,(anonymous_6)
FNDA:88,(anonymous_7)
FNDA:9,(anonymous_8)
FNDA:33,(anonymous_9)
FNDA:17,(anonymous_10)
FNDA:3,(anonymous_11)
FNDA:9,(anonymous_12)
FNDA:1,(anonymous_13)
FNDA:1,(anonymous_14)
FNDA:1,(anonymous_15)
FNDA:2,(anonymous_16)
FNDA:2,(anonymous_17)
FNDA:1,(anonymous_18)
FNDA:0,(anonymous_19)
FNDA:25,(anonymous_20)
FNDA:6,deepMerge
FNDA:107,(anonymous_22)
FNDA:30,(anonymous_23)
FNDA:1,(anonymous_24)
FNDA:0,(anonymous_25)
FNDA:1,(anonymous_26)
FNDA:1,(anonymous_27)
FNDA:1,(anonymous_28)
FNDA:1,(anonymous_29)
FNDA:1,(anonymous_30)
FNDA:11,(anonymous_31)
FNDA:15,(anonymous_32)
FNDA:8,(anonymous_33)
FNDA:1,(anonymous_34)
FNDA:1,(anonymous_35)
FNDA:1,(anonymous_36)
FNDA:3,(anonymous_37)
FNDA:1,(anonymous_38)
FNDA:1,(anonymous_39)
FNDA:0,(anonymous_40)
FNDA:0,(anonymous_41)
FNDA:2,(anonymous_42)
FNDA:0,(anonymous_43)
FNDA:0,(anonymous_44)
FNDA:2,(anonymous_45)
FNDA:1,(anonymous_46)
FNDA:1,(anonymous_47)
FNDA:1,(anonymous_48)
FNDA:0,(anonymous_49)
FNDA:2,(anonymous_50)
DA:1,1
DA:2,1
DA:3,1
DA:4,1
DA:7,1
DA:8,1
DA:12,1
DA:13,0
DA:14,0
DA:15,0
DA:16,0
DA:17,0
DA:18,0
DA:19,0
DA:20,0
DA:21,0
DA:22,0
DA:23,0
DA:24,0
DA:25,0
DA:26,0
DA:28,0
DA:30,1
DA:34,88
DA:37,9
DA:40,33
DA:43,17
DA:46,3
DA:49,9
DA:53,1
DA:54,1
DA:57,1
DA:60,1
DA:63,2
DA:66,2
DA:69,1
DA:76,1
DA:77,0
DA:78,0
DA:79,0
DA:80,0
DA:81,0
DA:83,1
DA:89,25
DA:90,25
DA:91,12
DA:92,12
DA:93,12
DA:94,17
DA:95,11
DA:98,13
DA:99,13
DA:100,139
DA:101,139
DA:102,0
DA:109,6
DA:110,0
DA:112,6
DA:113,6
DA:114,107
DA:116,6
DA:117,30
DA:118,30
DA:119,29
DA:121,1
DA:122,0
DA:124,1
DA:128,6
DA:131,1
DA:132,1
DA:134,0
DA:135,0
DA:136,0
DA:137,0
DA:138,0
DA:143,1
DA:144,1
DA:146,0
DA:147,0
DA:151,1
DA:152,1
DA:154,0
DA:155,0
DA:156,0
DA:161,0
DA:165,1
DA:168,1
DA:169,1
DA:170,1
DA:172,0
DA:173,0
DA:174,0
DA:175,0
DA:176,0
DA:177,0
DA:178,0
DA:179,0
DA:180,0
DA:181,0
DA:183,0
DA:184,0
DA:188,1
DA:190,1
DA:191,1
DA:193,11
DA:194,11
DA:195,11
DA:196,15
DA:197,15
DA:198,11
DA:199,11
DA:200,11
DA:203,11
DA:204,11
DA:207,8
DA:208,8
DA:254,1
DA:256,1
DA:286,1
DA:287,1
DA:289,1
DA:290,3
DA:292,1
DA:293,1
DA:294,1
DA:296,1
DA:297,1
DA:298,1
DA:299,0
DA:300,0
DA:301,0
DA:304,0
DA:305,0
DA:307,1
DA:308,0
DA:309,0
DA:312,1
DA:314,1
DA:315,0
DA:316,0
DA:317,0
DA:324,1
DA:325,2
DA:326,2
DA:327,2
DA:329,0
DA:330,0
DA:331,0
DA:333,0
DA:335,0
DA:336,0
DA:337,0
DA:344,1
DA:345,2
DA:346,2
DA:347,2
DA:348,0
DA:350,2
DA:351,2
DA:352,0
DA:358,2
DA:359,0
DA:365,2
DA:373,1
DA:374,1
DA:375,1
DA:376,1
DA:377,0
DA:379,1
DA:383,1
DA:385,1
DA:386,1
DA:398,1
DA:400,1
DA:401,1
DA:402,0
DA:403,0
DA:405,1
DA:406,1
DA:408,0
LF:180
LH:110
BRDA:5,1,0,1
BRDA:5,1,1,1
BRDA:5,1,2,1
BRDA:5,1,3,1
BRDA:7,2,0,1
BRDA:7,2,1,1
BRDA:7,2,2,1
BRDA:7,2,3,1
BRDA:8,3,0,0
BRDA:8,3,1,1
BRDA:10,4,0,1
BRDA:10,4,1,1
BRDA:10,4,2,1
BRDA:10,4,3,1
BRDA:10,4,4,1
BRDA:12,5,0,1
BRDA:12,5,1,1
BRDA:22,6,0,0
BRDA:22,6,1,0
BRDA:24,7,0,0
BRDA:24,7,1,0
BRDA:30,8,0,1
BRDA:30,8,1,0
BRDA:34,9,0,88
BRDA:34,9,1,71
BRDA:37,10,0,9
BRDA:37,10,1,3
BRDA:40,11,0,33
BRDA:40,11,1,32
BRDA:43,12,0,17
BRDA:43,12,1,15
BRDA:46,13,0,3
BRDA:46,13,1,1
BRDA:49,14,0,9
BRDA:49,14,1,8
BRDA:54,15,0,1
BRDA:54,15,1,0
BRDA:54,15,2,0
BRDA:76,16,0,0
BRDA:76,16,1,1
BRDA:76,17,0,1
BRDA:76,17,1,0
BRDA:78,18,0,0
BRDA:78,18,1,0
BRDA:90,19,0,12
BRDA:90,19,1,13
BRDA:94,20,0,11
BRDA:94,20,1,6
BRDA:98,21,0,13
BRDA:98,21,1,0
BRDA:100,22,0,139
BRDA:100,22,1,0
BRDA:101,23,0,0
BRDA:101,23,1,139
BRDA:109,24,0,0
BRDA:109,24,1,6
BRDA:109,25,0,6
BRDA:109,25,1,6
BRDA:109,25,2,6
BRDA:118,26,0,29
BRDA:118,26,1,1
BRDA:121,27,0,0
BRDA:121,27,1,1
BRDA:131,28,0,1
BRDA:131,28,1,0
BRDA:134,29,0,0
BRDA:134,29,1,0
BRDA:134,30,0,0
BRDA:134,30,1,0
BRDA:136,31,0,0
BRDA:136,31,1,0
BRDA:143,32,0,1
BRDA:143,32,1,0
BRDA:146,33,0,0
BRDA:146,33,1,0
BRDA:151,34,0,1
BRDA:151,34,1,0
BRDA:168,35,0,1
BRDA:168,35,1,0
BRDA:169,36,0,1
BRDA:169,36,1,0
BRDA:169,37,0,1
BRDA:169,37,1,0
BRDA:180,38,0,0
BRDA:180,38,1,0
BRDA:193,39,0,3
BRDA:193,39,1,8
BRDA:197,40,0,11
BRDA:197,40,1,4
BRDA:197,41,0,15
BRDA:197,41,1,11
BRDA:207,42,0,0
BRDA:207,42,1,8
BRDA:298,43,0,0
BRDA:298,43,1,1
BRDA:298,44,0,1
BRDA:298,44,1,0
BRDA:300,45,0,0
BRDA:300,45,1,0
BRDA:304,46,0,0
BRDA:304,46,1,0
BRDA:307,47,0,0
BRDA:307,47,1,1
BRDA:307,48,0,1
BRDA:307,48,1,0
BRDA:308,49,0,0
BRDA:308,49,1,0
BRDA:315,50,0,0
BRDA:315,50,1,0
BRDA:316,51,0,0
BRDA:316,51,1,0
BRDA:326,52,0,2
BRDA:326,52,1,0
BRDA:329,53,0,0
BRDA:329,53,1,0
BRDA:336,54,0,0
BRDA:336,54,1,0
BRDA:345,55,0,0
BRDA:345,55,1,2
BRDA:346,56,0,2
BRDA:346,56,1,0
BRDA:347,57,0,0
BRDA:347,57,1,2
BRDA:350,58,0,2
BRDA:350,58,1,0
BRDA:350,59,0,2
BRDA:350,59,1,0
BRDA:351,60,0,0
BRDA:351,60,1,2
BRDA:358,61,0,0
BRDA:358,61,1,2
BRDA:374,62,0,0
BRDA:374,62,1,1
BRDA:375,63,0,1
BRDA:375,63,1,0
BRDA:376,64,0,0
BRDA:376,64,1,1
BRDA:401,65,0,0
BRDA:401,65,1,1
BRDA:401,66,0,1
BRDA:401,66,1,0
BRDA:405,67,0,1
BRDA:405,67,1,0
BRDA:411,68,0,0
BRDA:411,68,1,1
BRDA:411,69,0,0
BRDA:411,69,1,1
BRDA:411,70,0,0
BRDA:411,70,1,1
BRF:149
BRH:80
end_of_record
