TN:
SF:/Users/westchase/Documents/personal/gifshot/tests/gifshot.js
FN:1,(anonymous_1)
FN:3,(anonymous_2)
FN:6,(anonymous_3)
FN:11,(anonymous_4)
FN:12,(anonymous_5)
FN:30,(anonymous_6)
FN:33,(anonymous_7)
FN:36,(anonymous_8)
FN:39,(anonymous_9)
FN:42,(anonymous_10)
FN:45,(anonymous_11)
FN:48,(anonymous_12)
FN:52,(anonymous_13)
FN:56,(anonymous_14)
FN:59,(anonymous_15)
FN:62,(anonymous_16)
FN:65,(anonymous_17)
FN:68,(anonymous_18)
FN:86,(anonymous_19)
FN:88,(anonymous_20)
FN:108,deepMerge
FN:113,(anonymous_22)
FN:116,(anonymous_23)
FN:130,(anonymous_24)
FN:137,(anonymous_25)
FN:142,(anonymous_26)
FN:150,(anonymous_27)
FN:164,(anonymous_28)
FN:167,(anonymous_29)
FN:189,(anonymous_30)
FN:191,(anonymous_31)
FN:194,(anonymous_32)
FN:205,(anonymous_33)
FN:276,(anonymous_34)
FN:278,(anonymous_35)
FN:283,(anonymous_36)
FN:286,(anonymous_37)
FN:289,(anonymous_38)
FN:293,(anonymous_39)
FN:296,(anonymous_40)
FN:311,(anonymous_41)
FN:321,(anonymous_42)
FN:327,(anonymous_43)
FN:332,(anonymous_44)
FN:341,(anonymous_45)
FN:370,(anonymous_46)
FN:382,(anonymous_47)
FN:397,(anonymous_48)
FN:399,(anonymous_49)
FN:408,(anonymous_50)
FNF:50
FNH:41
FNDA:1,(anonymous_1)
FNDA:1,(anonymous_2)
FNDA:1,(anonymous_3)
FNDA:1,(anonymous_4)
FNDA:0,(anonymous_5)
FNDA:0,(anonymous_6)
FNDA:86,(anonymous_7)
FNDA:9,(anonymous_8)
FNDA:33,(anonymous_9)
FNDA:17,(anonymous_10)
FNDA:3,(anonymous_11)
FNDA:9,(anonymous_12)
FNDA:1,(anonymous_13)
FNDA:1,(anonymous_14)
FNDA:1,(anonymous_15)
FNDA:2,(anonymous_16)
FNDA:2,(anonymous_17)
FNDA:1,(anonymous_18)
FNDA:0,(anonymous_19)
FNDA:25,(anonymous_20)
FNDA:6,deepMerge
FNDA:99,(anonymous_22)
FNDA:28,(anonymous_23)
FNDA:1,(anonymous_24)
FNDA:0,(anonymous_25)
FNDA:1,(anonymous_26)
FNDA:1,(anonymous_27)
FNDA:1,(anonymous_28)
FNDA:1,(anonymous_29)
FNDA:1,(anonymous_30)
FNDA:11,(anonymous_31)
FNDA:15,(anonymous_32)
FNDA:8,(anonymous_33)
FNDA:1,(anonymous_34)
FNDA:1,(anonymous_35)
FNDA:1,(anonymous_36)
FNDA:3,(anonymous_37)
FNDA:1,(anonymous_38)
FNDA:1,(anonymous_39)
FNDA:0,(anonymous_40)
FNDA:0,(anonymous_41)
FNDA:2,(anonymous_42)
FNDA:0,(anonymous_43)
FNDA:0,(anonymous_44)
FNDA:2,(anonymous_45)
FNDA:1,(anonymous_46)
FNDA:1,(anonymous_47)
FNDA:1,(anonymous_48)
FNDA:0,(anonymous_49)
FNDA:2,(anonymous_50)
DA:1,1
DA:2,1
DA:3,1
DA:4,1
DA:7,1
DA:8,1
DA:12,1
DA:13,0
DA:14,0
DA:15,0
DA:16,0
DA:17,0
DA:18,0
DA:19,0
DA:20,0
DA:21,0
DA:22,0
DA:23,0
DA:24,0
DA:25,0
DA:26,0
DA:28,0
DA:30,1
DA:34,86
DA:37,9
DA:40,33
DA:43,17
DA:46,3
DA:49,9
DA:53,1
DA:54,1
DA:57,1
DA:60,1
DA:63,2
DA:66,2
DA:69,1
DA:76,1
DA:77,0
DA:78,0
DA:79,0
DA:80,0
DA:81,0
DA:83,1
DA:89,25
DA:90,25
DA:91,12
DA:92,12
DA:93,12
DA:94,17
DA:95,11
DA:98,13
DA:99,13
DA:100,129
DA:101,129
DA:102,0
DA:109,6
DA:110,0
DA:112,6
DA:113,6
DA:114,99
DA:116,6
DA:117,28
DA:118,28
DA:119,27
DA:121,1
DA:122,0
DA:124,1
DA:128,6
DA:131,1
DA:132,1
DA:134,0
DA:135,0
DA:136,0
DA:137,0
DA:138,0
DA:143,1
DA:144,1
DA:146,0
DA:147,0
DA:151,1
DA:152,1
DA:154,0
DA:155,0
DA:156,0
DA:161,0
DA:165,1
DA:168,1
DA:169,1
DA:171,0
DA:172,0
DA:173,0
DA:174,0
DA:175,0
DA:176,0
DA:177,0
DA:178,0
DA:179,0
DA:180,0
DA:182,0
DA:183,0
DA:187,1
DA:189,1
DA:190,1
DA:192,11
DA:193,11
DA:194,11
DA:195,15
DA:196,15
DA:197,11
DA:198,11
DA:199,11
DA:202,11
DA:203,11
DA:206,8
DA:207,8
DA:253,1
DA:255,1
DA:283,1
DA:284,1
DA:286,1
DA:287,3
DA:289,1
DA:290,1
DA:291,1
DA:293,1
DA:294,1
DA:295,1
DA:296,0
DA:297,0
DA:298,0
DA:301,0
DA:302,0
DA:304,1
DA:305,0
DA:306,0
DA:309,1
DA:311,1
DA:312,0
DA:313,0
DA:314,0
DA:321,1
DA:322,2
DA:323,2
DA:324,2
DA:326,0
DA:327,0
DA:328,0
DA:330,0
DA:332,0
DA:333,0
DA:334,0
DA:341,1
DA:342,2
DA:343,2
DA:344,2
DA:345,0
DA:347,2
DA:348,2
DA:349,0
DA:355,2
DA:356,0
DA:362,2
DA:370,1
DA:371,1
DA:372,1
DA:373,1
DA:374,0
DA:376,1
DA:380,1
DA:382,1
DA:383,1
DA:395,1
DA:397,1
DA:398,1
DA:399,0
DA:400,0
DA:402,1
DA:403,1
DA:405,0
LF:179
LH:109
BRDA:5,1,0,1
BRDA:5,1,1,1
BRDA:5,1,2,1
BRDA:5,1,3,1
BRDA:7,2,0,1
BRDA:7,2,1,1
BRDA:7,2,2,1
BRDA:7,2,3,1
BRDA:8,3,0,0
BRDA:8,3,1,1
BRDA:10,4,0,1
BRDA:10,4,1,1
BRDA:10,4,2,1
BRDA:10,4,3,1
BRDA:10,4,4,1
BRDA:12,5,0,1
BRDA:12,5,1,1
BRDA:22,6,0,0
BRDA:22,6,1,0
BRDA:24,7,0,0
BRDA:24,7,1,0
BRDA:30,8,0,1
BRDA:30,8,1,0
BRDA:34,9,0,86
BRDA:34,9,1,70
BRDA:37,10,0,9
BRDA:37,10,1,3
BRDA:40,11,0,33
BRDA:40,11,1,32
BRDA:43,12,0,17
BRDA:43,12,1,15
BRDA:46,13,0,3
BRDA:46,13,1,1
BRDA:49,14,0,9
BRDA:49,14,1,8
BRDA:54,15,0,1
BRDA:54,15,1,0
BRDA:54,15,2,0
BRDA:76,16,0,0
BRDA:76,16,1,1
BRDA:76,17,0,1
BRDA:76,17,1,0
BRDA:78,18,0,0
BRDA:78,18,1,0
BRDA:90,19,0,12
BRDA:90,19,1,13
BRDA:94,20,0,11
BRDA:94,20,1,6
BRDA:98,21,0,13
BRDA:98,21,1,0
BRDA:100,22,0,129
BRDA:100,22,1,0
BRDA:101,23,0,0
BRDA:101,23,1,129
BRDA:109,24,0,0
BRDA:109,24,1,6
BRDA:109,25,0,6
BRDA:109,25,1,6
BRDA:109,25,2,6
BRDA:118,26,0,27
BRDA:118,26,1,1
BRDA:121,27,0,0
BRDA:121,27,1,1
BRDA:131,28,0,1
BRDA:131,28,1,0
BRDA:134,29,0,0
BRDA:134,29,1,0
BRDA:134,30,0,0
BRDA:134,30,1,0
BRDA:136,31,0,0
BRDA:136,31,1,0
BRDA:143,32,0,1
BRDA:143,32,1,0
BRDA:146,33,0,0
BRDA:146,33,1,0
BRDA:151,34,0,1
BRDA:151,34,1,0
BRDA:168,35,0,1
BRDA:168,35,1,0
BRDA:179,36,0,0
BRDA:179,36,1,0
BRDA:192,37,0,3
BRDA:192,37,1,8
BRDA:196,38,0,11
BRDA:196,38,1,4
BRDA:196,39,0,15
BRDA:196,39,1,11
BRDA:206,40,0,0
BRDA:206,40,1,8
BRDA:295,41,0,0
BRDA:295,41,1,1
BRDA:295,42,0,1
BRDA:295,42,1,0
BRDA:297,43,0,0
BRDA:297,43,1,0
BRDA:301,44,0,0
BRDA:301,44,1,0
BRDA:304,45,0,0
BRDA:304,45,1,1
BRDA:304,46,0,1
BRDA:304,46,1,0
BRDA:305,47,0,0
BRDA:305,47,1,0
BRDA:312,48,0,0
BRDA:312,48,1,0
BRDA:313,49,0,0
BRDA:313,49,1,0
BRDA:323,50,0,2
BRDA:323,50,1,0
BRDA:326,51,0,0
BRDA:326,51,1,0
BRDA:333,52,0,0
BRDA:333,52,1,0
BRDA:342,53,0,0
BRDA:342,53,1,2
BRDA:343,54,0,2
BRDA:343,54,1,0
BRDA:344,55,0,0
BRDA:344,55,1,2
BRDA:347,56,0,2
BRDA:347,56,1,0
BRDA:347,57,0,2
BRDA:347,57,1,0
BRDA:348,58,0,0
BRDA:348,58,1,2
BRDA:355,59,0,0
BRDA:355,59,1,2
BRDA:371,60,0,0
BRDA:371,60,1,1
BRDA:372,61,0,1
BRDA:372,61,1,0
BRDA:373,62,0,0
BRDA:373,62,1,1
BRDA:398,63,0,0
BRDA:398,63,1,1
BRDA:398,64,0,1
BRDA:398,64,1,0
BRDA:402,65,0,1
BRDA:402,65,1,0
BRDA:408,66,0,1
BRDA:408,66,1,0
BRDA:408,67,0,0
BRDA:408,67,1,1
BRDA:408,68,0,1
BRDA:408,68,1,1
BRF:145
BRH:79
end_of_record
